
Start-Date: 2024-05-30  02:03:56
Commandline: apt-get install --reinstall adduser
Reinstall: adduser:amd64 (3.118ubuntu2)
End-Date: 2024-05-30  02:03:57

Start-Date: 2024-05-30  02:03:59
Commandline: apt-get install --reinstall apt
Reinstall: apt:amd64 (2.0.2)
End-Date: 2024-05-30  02:04:00

Start-Date: 2024-05-30  02:04:02
Commandline: apt-get install --reinstall base-files
Reinstall: base-files:amd64 (11ubuntu5)
End-Date: 2024-05-30  02:04:03

Start-Date: 2024-05-30  02:04:04
Commandline: apt-get install --reinstall base-passwd
Reinstall: base-passwd:amd64 (3.5.47)
End-Date: 2024-05-30  02:04:04

Start-Date: 2024-05-30  02:04:06
Commandline: apt-get install --reinstall bash
Reinstall: bash:amd64 (5.0-6ubuntu1)
End-Date: 2024-05-30  02:04:06

Start-Date: 2024-05-30  02:04:07
Commandline: apt-get install --reinstall bsdutils
Reinstall: bsdutils:amd64 (1:2.34-0.1ubuntu9)
End-Date: 2024-05-30  02:04:08

Start-Date: 2024-05-30  02:04:09
Commandline: apt-get install --reinstall bzip2
Reinstall: bzip2:amd64 (1.0.8-2)
End-Date: 2024-05-30  02:04:10

Start-Date: 2024-05-30  02:04:11
Commandline: apt-get install --reinstall coreutils
Reinstall: coreutils:amd64 (8.30-3ubuntu2)
End-Date: 2024-05-30  02:04:12

Start-Date: 2024-05-30  02:04:13
Commandline: apt-get install --reinstall dash
Reinstall: dash:amd64 (0.5.10.2-6)
End-Date: 2024-05-30  02:04:14

Start-Date: 2024-05-30  02:04:15
Commandline: apt-get install --reinstall debconf
Reinstall: debconf:amd64 (1.5.73)
End-Date: 2024-05-30  02:04:16

Start-Date: 2024-05-30  02:04:17
Commandline: apt-get install --reinstall debianutils
Reinstall: debianutils:amd64 (4.9.1)
End-Date: 2024-05-30  02:04:17

Start-Date: 2024-05-30  02:04:19
Commandline: apt-get install --reinstall diffutils
Reinstall: diffutils:amd64 (1:3.7-3)
End-Date: 2024-05-30  02:04:19

Start-Date: 2024-05-30  02:04:21
Commandline: apt-get install --reinstall dpkg
Reinstall: dpkg:amd64 (1.19.7ubuntu3)
End-Date: 2024-05-30  02:04:21

Start-Date: 2024-05-30  02:04:22
Commandline: apt-get install --reinstall e2fsprogs
Reinstall: e2fsprogs:amd64 (1.45.5-2ubuntu1)
End-Date: 2024-05-30  02:04:23

Start-Date: 2024-05-30  02:04:24
Commandline: apt-get install --reinstall fdisk
Reinstall: fdisk:amd64 (2.34-0.1ubuntu9)
End-Date: 2024-05-30  02:04:25

Start-Date: 2024-05-30  02:04:26
Commandline: apt-get install --reinstall findutils
Reinstall: findutils:amd64 (4.7.0-1ubuntu1)
End-Date: 2024-05-30  02:04:27

Start-Date: 2024-05-30  02:04:28
Commandline: apt-get install --reinstall gcc-10-base:amd64
Reinstall: gcc-10-base:amd64 (10-20200411-0ubuntu1)
End-Date: 2024-05-30  02:04:29

Start-Date: 2024-05-30  02:04:30
Commandline: apt-get install --reinstall gpgv
Reinstall: gpgv:amd64 (2.2.19-3ubuntu2)
End-Date: 2024-05-30  02:04:31

Start-Date: 2024-05-30  02:04:32
Commandline: apt-get install --reinstall grep
Reinstall: grep:amd64 (3.4-1)
End-Date: 2024-05-30  02:04:32

Start-Date: 2024-05-30  02:04:34
Commandline: apt-get install --reinstall gzip
Reinstall: gzip:amd64 (1.10-0ubuntu4)
End-Date: 2024-05-30  02:04:34

Start-Date: 2024-05-30  02:04:36
Commandline: apt-get install --reinstall hostname
Reinstall: hostname:amd64 (3.23)
End-Date: 2024-05-30  02:04:36

Start-Date: 2024-05-30  02:04:37
Commandline: apt-get install --reinstall init-system-helpers
Reinstall: init-system-helpers:amd64 (1.57)
End-Date: 2024-05-30  02:04:38

Start-Date: 2024-05-30  02:04:39
Commandline: apt-get install --reinstall libacl1:amd64
Reinstall: libacl1:amd64 (2.2.53-6)
End-Date: 2024-05-30  02:04:40

Start-Date: 2024-05-30  02:04:41
Commandline: apt-get install --reinstall libapt-pkg6.0:amd64
Reinstall: libapt-pkg6.0:amd64 (2.0.2)
End-Date: 2024-05-30  02:04:42

Start-Date: 2024-05-30  02:04:43
Commandline: apt-get install --reinstall libattr1:amd64
Reinstall: libattr1:amd64 (1:2.4.48-5)
End-Date: 2024-05-30  02:04:43

Start-Date: 2024-05-30  02:04:45
Commandline: apt-get install --reinstall libaudit-common
Reinstall: libaudit-common:amd64 (1:2.8.5-2ubuntu6)
End-Date: 2024-05-30  02:04:45

Start-Date: 2024-05-30  02:04:47
Commandline: apt-get install --reinstall libaudit1:amd64
Reinstall: libaudit1:amd64 (1:2.8.5-2ubuntu6)
End-Date: 2024-05-30  02:04:47

Start-Date: 2024-05-30  02:04:48
Commandline: apt-get install --reinstall libblkid1:amd64
Reinstall: libblkid1:amd64 (2.34-0.1ubuntu9)
End-Date: 2024-05-30  02:04:49

Start-Date: 2024-05-30  02:04:50
Commandline: apt-get install --reinstall libbz2-1.0:amd64
Reinstall: libbz2-1.0:amd64 (1.0.8-2)
End-Date: 2024-05-30  02:04:51

Start-Date: 2024-05-30  02:04:52
Commandline: apt-get install --reinstall libc-bin
Reinstall: libc-bin:amd64 (2.31-0ubuntu9)
End-Date: 2024-05-30  02:04:53

Start-Date: 2024-05-30  02:04:54
Commandline: apt-get install --reinstall libc6:amd64
Reinstall: libc6:amd64 (2.31-0ubuntu9)
End-Date: 2024-05-30  02:04:56

Start-Date: 2024-05-30  02:04:57
Commandline: apt-get install --reinstall libcap-ng0:amd64
Reinstall: libcap-ng0:amd64 (0.7.9-2.1build1)
End-Date: 2024-05-30  02:04:58

Start-Date: 2024-05-30  02:04:59
Commandline: apt-get install --reinstall libcom-err2:amd64
Reinstall: libcom-err2:amd64 (1.45.5-2ubuntu1)
End-Date: 2024-05-30  02:05:00

Start-Date: 2024-05-30  02:05:01
Commandline: apt-get install --reinstall libcrypt1:amd64
Reinstall: libcrypt1:amd64 (1:4.4.10-10ubuntu4)
End-Date: 2024-05-30  02:05:02

Start-Date: 2024-05-30  02:05:03
Commandline: apt-get install --reinstall libdb5.3:amd64
Reinstall: libdb5.3:amd64 (5.3.28+dfsg1-0.6ubuntu2)
End-Date: 2024-05-30  02:05:03

Start-Date: 2024-05-30  02:05:05
Commandline: apt-get install --reinstall libdebconfclient0:amd64
Reinstall: libdebconfclient0:amd64 (0.251ubuntu1)
End-Date: 2024-05-30  02:05:05

Start-Date: 2024-05-30  02:05:06
Commandline: apt-get install --reinstall libext2fs2:amd64
Reinstall: libext2fs2:amd64 (1.45.5-2ubuntu1)
End-Date: 2024-05-30  02:05:07

Start-Date: 2024-05-30  02:05:08
Commandline: apt-get install --reinstall libfdisk1:amd64
Reinstall: libfdisk1:amd64 (2.34-0.1ubuntu9)
End-Date: 2024-05-30  02:05:09

Start-Date: 2024-05-30  02:05:10
Commandline: apt-get install --reinstall libffi7:amd64
Reinstall: libffi7:amd64 (3.3-4)
End-Date: 2024-05-30  02:05:10

Start-Date: 2024-05-30  02:05:12
Commandline: apt-get install --reinstall libgcc-s1:amd64
Reinstall: libgcc-s1:amd64 (10-20200411-0ubuntu1)
End-Date: 2024-05-30  02:05:12

Start-Date: 2024-05-30  02:05:13
Commandline: apt-get install --reinstall libgcrypt20:amd64
Reinstall: libgcrypt20:amd64 (1.8.5-5ubuntu1)
End-Date: 2024-05-30  02:05:14

Start-Date: 2024-05-30  02:05:15
Commandline: apt-get install --reinstall libgmp10:amd64
Reinstall: libgmp10:amd64 (2:6.2.0+dfsg-4)
End-Date: 2024-05-30  02:05:16

Start-Date: 2024-05-30  02:05:17
Commandline: apt-get install --reinstall libgnutls30:amd64
Reinstall: libgnutls30:amd64 (3.6.13-2ubuntu1)
End-Date: 2024-05-30  02:05:18

Start-Date: 2024-05-30  02:05:19
Commandline: apt-get install --reinstall libgpg-error0:amd64
Reinstall: libgpg-error0:amd64 (1.37-1)
End-Date: 2024-05-30  02:05:20

Start-Date: 2024-05-30  02:05:22
Commandline: apt-get install --reinstall libhogweed5:amd64
Reinstall: libhogweed5:amd64 (3.5.1+really3.5.1-2)
End-Date: 2024-05-30  02:05:22

Start-Date: 2024-05-30  02:05:23
Commandline: apt-get install --reinstall libidn2-0:amd64
Reinstall: libidn2-0:amd64 (2.2.0-2)
End-Date: 2024-05-30  02:05:24

Start-Date: 2024-05-30  02:05:25
Commandline: apt-get install --reinstall liblz4-1:amd64
Reinstall: liblz4-1:amd64 (1.9.2-2)
End-Date: 2024-05-30  02:05:26

Start-Date: 2024-05-30  02:05:27
Commandline: apt-get install --reinstall liblzma5:amd64
Reinstall: liblzma5:amd64 (5.2.4-1)
End-Date: 2024-05-30  02:05:27

Start-Date: 2024-05-30  02:05:29
Commandline: apt-get install --reinstall libmount1:amd64
Reinstall: libmount1:amd64 (2.34-0.1ubuntu9)
End-Date: 2024-05-30  02:05:29

Start-Date: 2024-05-30  02:05:30
Commandline: apt-get install --reinstall libncurses6:amd64
Reinstall: libncurses6:amd64 (6.2-0ubuntu2)
End-Date: 2024-05-30  02:05:31

Start-Date: 2024-05-30  02:05:32
Commandline: apt-get install --reinstall libncursesw6:amd64
Reinstall: libncursesw6:amd64 (6.2-0ubuntu2)
End-Date: 2024-05-30  02:05:32

Start-Date: 2024-05-30  02:05:34
Commandline: apt-get install --reinstall libnettle7:amd64
Reinstall: libnettle7:amd64 (3.5.1+really3.5.1-2)
End-Date: 2024-05-30  02:05:34

Start-Date: 2024-05-30  02:05:35
Commandline: apt-get install --reinstall libp11-kit0:amd64
Reinstall: libp11-kit0:amd64 (0.23.20-1build1)
End-Date: 2024-05-30  02:05:36

Start-Date: 2024-05-30  02:05:37
Commandline: apt-get install --reinstall libpam-modules:amd64
Reinstall: libpam-modules:amd64 (1.3.1-5ubuntu4)
End-Date: 2024-05-30  02:05:38

Start-Date: 2024-05-30  02:05:39
Commandline: apt-get install --reinstall libpam-modules-bin
Reinstall: libpam-modules-bin:amd64 (1.3.1-5ubuntu4)
End-Date: 2024-05-30  02:05:39

Start-Date: 2024-05-30  02:05:41
Commandline: apt-get install --reinstall libpam-runtime
Reinstall: libpam-runtime:amd64 (1.3.1-5ubuntu4)
End-Date: 2024-05-30  02:05:41

Start-Date: 2024-05-30  02:05:42
Commandline: apt-get install --reinstall libpam0g:amd64
Reinstall: libpam0g:amd64 (1.3.1-5ubuntu4)
End-Date: 2024-05-30  02:05:43

Start-Date: 2024-05-30  02:05:44
Commandline: apt-get install --reinstall libpcre2-8-0:amd64
Reinstall: libpcre2-8-0:amd64 (10.34-7)
End-Date: 2024-05-30  02:05:45

Start-Date: 2024-05-30  02:05:46
Commandline: apt-get install --reinstall libpcre3:amd64
Reinstall: libpcre3:amd64 (2:8.39-12build1)
End-Date: 2024-05-30  02:05:47

Start-Date: 2024-05-30  02:05:48
Commandline: apt-get install --reinstall libprocps8:amd64
Reinstall: libprocps8:amd64 (2:3.3.16-1ubuntu2)
End-Date: 2024-05-30  02:05:48

Start-Date: 2024-05-30  02:05:50
Commandline: apt-get install --reinstall libseccomp2:amd64
Reinstall: libseccomp2:amd64 (2.4.3-1ubuntu1)
End-Date: 2024-05-30  02:05:50

Start-Date: 2024-05-30  02:05:51
Commandline: apt-get install --reinstall libselinux1:amd64
Reinstall: libselinux1:amd64 (3.0-1build2)
End-Date: 2024-05-30  02:05:52

Start-Date: 2024-05-30  02:05:53
Commandline: apt-get install --reinstall libsemanage-common
Reinstall: libsemanage-common:amd64 (3.0-1build2)
End-Date: 2024-05-30  02:05:54

Start-Date: 2024-05-30  02:05:55
Commandline: apt-get install --reinstall libsemanage1:amd64
Reinstall: libsemanage1:amd64 (3.0-1build2)
End-Date: 2024-05-30  02:05:55

Start-Date: 2024-05-30  02:05:57
Commandline: apt-get install --reinstall libsepol1:amd64
Reinstall: libsepol1:amd64 (3.0-1)
End-Date: 2024-05-30  02:05:57

Start-Date: 2024-05-30  02:05:58
Commandline: apt-get install --reinstall libsmartcols1:amd64
Reinstall: libsmartcols1:amd64 (2.34-0.1ubuntu9)
End-Date: 2024-05-30  02:05:59

Start-Date: 2024-05-30  02:06:00
Commandline: apt-get install --reinstall libss2:amd64
Reinstall: libss2:amd64 (1.45.5-2ubuntu1)
End-Date: 2024-05-30  02:06:01

Start-Date: 2024-05-30  02:06:02
Commandline: apt-get install --reinstall libstdc++6:amd64
Reinstall: libstdc++6:amd64 (10-20200411-0ubuntu1)
End-Date: 2024-05-30  02:06:03

Start-Date: 2024-05-30  02:06:04
Commandline: apt-get install --reinstall libsystemd0:amd64
Reinstall: libsystemd0:amd64 (245.4-4ubuntu3)
End-Date: 2024-05-30  02:06:05

Start-Date: 2024-05-30  02:06:06
Commandline: apt-get install --reinstall libtasn1-6:amd64
Reinstall: libtasn1-6:amd64 (4.16.0-2)
End-Date: 2024-05-30  02:06:07

Start-Date: 2024-05-30  02:06:08
Commandline: apt-get install --reinstall libtinfo6:amd64
Reinstall: libtinfo6:amd64 (6.2-0ubuntu2)
End-Date: 2024-05-30  02:06:08

Start-Date: 2024-05-30  02:06:10
Commandline: apt-get install --reinstall libudev1:amd64
Reinstall: libudev1:amd64 (245.4-4ubuntu3)
End-Date: 2024-05-30  02:06:10

Start-Date: 2024-05-30  02:06:11
Commandline: apt-get install --reinstall libunistring2:amd64
Reinstall: libunistring2:amd64 (0.9.10-2)
End-Date: 2024-05-30  02:06:12

Start-Date: 2024-05-30  02:06:13
Commandline: apt-get install --reinstall libuuid1:amd64
Reinstall: libuuid1:amd64 (2.34-0.1ubuntu9)
End-Date: 2024-05-30  02:06:14

Start-Date: 2024-05-30  02:06:15
Commandline: apt-get install --reinstall libzstd1:amd64
Reinstall: libzstd1:amd64 (1.4.4+dfsg-3)
End-Date: 2024-05-30  02:06:16

Start-Date: 2024-05-30  02:06:17
Commandline: apt-get install --reinstall login
Reinstall: login:amd64 (1:4.8.1-1ubuntu5)
End-Date: 2024-05-30  02:06:18

Start-Date: 2024-05-30  02:06:19
Commandline: apt-get install --reinstall logsave
Reinstall: logsave:amd64 (1.45.5-2ubuntu1)
End-Date: 2024-05-30  02:06:19

Start-Date: 2024-05-30  02:06:20
Commandline: apt-get install --reinstall lsb-base
Reinstall: lsb-base:amd64 (11.1.0ubuntu2)
End-Date: 2024-05-30  02:06:21

Start-Date: 2024-05-30  02:06:22
Commandline: apt-get install --reinstall mawk
Reinstall: mawk:amd64 (1.3.4.20200120-2)
End-Date: 2024-05-30  02:06:23

Start-Date: 2024-05-30  02:06:24
Commandline: apt-get install --reinstall mount
Reinstall: mount:amd64 (2.34-0.1ubuntu9)
End-Date: 2024-05-30  02:06:24

Start-Date: 2024-05-30  02:06:26
Commandline: apt-get install --reinstall ncurses-base
Reinstall: ncurses-base:amd64 (6.2-0ubuntu2)
End-Date: 2024-05-30  02:06:26

Start-Date: 2024-05-30  02:06:27
Commandline: apt-get install --reinstall ncurses-bin
Reinstall: ncurses-bin:amd64 (6.2-0ubuntu2)
End-Date: 2024-05-30  02:06:28

Start-Date: 2024-05-30  02:06:29
Commandline: apt-get install --reinstall passwd
Reinstall: passwd:amd64 (1:4.8.1-1ubuntu5)
End-Date: 2024-05-30  02:06:30

Start-Date: 2024-05-30  02:06:31
Commandline: apt-get install --reinstall perl-base
Reinstall: perl-base:amd64 (5.30.0-9build1)
End-Date: 2024-05-30  02:06:32

Start-Date: 2024-05-30  02:06:33
Commandline: apt-get install --reinstall procps
Reinstall: procps:amd64 (2:3.3.16-1ubuntu2)
End-Date: 2024-05-30  02:06:34

Start-Date: 2024-05-30  02:06:35
Commandline: apt-get install --reinstall sed
Reinstall: sed:amd64 (4.7-1)
End-Date: 2024-05-30  02:06:36

Start-Date: 2024-05-30  02:06:37
Commandline: apt-get install --reinstall sensible-utils
Reinstall: sensible-utils:amd64 (0.0.12+nmu1)
End-Date: 2024-05-30  02:06:37

Start-Date: 2024-05-30  02:06:38
Commandline: apt-get install --reinstall sysvinit-utils
Reinstall: sysvinit-utils:amd64 (2.96-2.1ubuntu1)
End-Date: 2024-05-30  02:06:39

Start-Date: 2024-05-30  02:06:40
Commandline: apt-get install --reinstall tar
Reinstall: tar:amd64 (1.30+dfsg-7)
End-Date: 2024-05-30  02:06:41

Start-Date: 2024-05-30  02:06:42
Commandline: apt-get install --reinstall ubuntu-keyring
Reinstall: ubuntu-keyring:amd64 (2020.02.11.2)
End-Date: 2024-05-30  02:06:42

Start-Date: 2024-05-30  02:06:45
Commandline: apt-get install --reinstall util-linux
Reinstall: util-linux:amd64 (2.34-0.1ubuntu9)
End-Date: 2024-05-30  02:06:46

Start-Date: 2024-05-30  02:06:47
Commandline: apt-get install --reinstall zlib1g:amd64
Reinstall: zlib1g:amd64 (1:1.2.11.dfsg-2ubuntu1)
End-Date: 2024-05-30  02:06:48

Start-Date: 2024-05-30  02:06:53
Commandline: apt-get --yes -oDebug::pkgDepCache::AutoInstall=yes install ubuntu-keyring
Upgrade: ubuntu-keyring:amd64 (2020.02.11.2, 2020.02.11.4)
End-Date: 2024-05-30  02:06:53

Start-Date: 2024-05-30  02:06:56
Commandline: apt-get --yes -oDebug::pkgDepCache::AutoInstall=yes --force-yes upgrade
Upgrade: libpam0g:amd64 (1.3.1-5ubuntu4, 1.3.1-5ubuntu4.7), fdisk:amd64 (2.34-0.1ubuntu9, 2.34-0.1ubuntu9.6), perl-base:amd64 (5.30.0-9build1, 5.30.0-9ubuntu0.5), libseccomp2:amd64 (2.4.3-1ubuntu1, 2.5.1-1ubuntu1~20.04.2), libcom-err2:amd64 (1.45.5-2ubuntu1, 1.45.5-2ubuntu1.1), libfdisk1:amd64 (2.34-0.1ubuntu9, 2.34-0.1ubuntu9.6), libpam-modules:amd64 (1.3.1-5ubuntu4, 1.3.1-5ubuntu4.7), libsystemd0:amd64 (245.4-4ubuntu3, 245.4-4ubuntu3.23), gcc-10-base:amd64 (10-20200411-0ubuntu1, 10.5.0-1ubuntu1~20.04), apt:amd64 (2.0.2, 2.0.10), libmount1:amd64 (2.34-0.1ubuntu9, 2.34-0.1ubuntu9.6), e2fsprogs:amd64 (1.45.5-2ubuntu1, 1.45.5-2ubuntu1.1), zlib1g:amd64 (1:1.2.11.dfsg-2ubuntu1, 1:1.2.11.dfsg-2ubuntu1.5), libgmp10:amd64 (2:6.2.0+dfsg-4, 2:6.2.0+dfsg-4ubuntu0.1), libncurses6:amd64 (6.2-0ubuntu2, 6.2-0ubuntu2.1), libc6:amd64 (2.31-0ubuntu9, 2.31-0ubuntu9.16), util-linux:amd64 (2.34-0.1ubuntu9, 2.34-0.1ubuntu9.6), libsepol1:amd64 (3.0-1, 3.0-1ubuntu0.1), passwd:amd64 (1:4.8.1-1ubuntu5, 1:4.8.1-1ubuntu5.20.04.5), procps:amd64 (2:3.3.16-1ubuntu2, 2:3.3.16-1ubuntu2.4), libpam-runtime:amd64 (1.3.1-5ubuntu4, 1.3.1-5ubuntu4.7), libncursesw6:amd64 (6.2-0ubuntu2, 6.2-0ubuntu2.1), libprocps8:amd64 (2:3.3.16-1ubuntu2, 2:3.3.16-1ubuntu2.4), libapt-pkg6.0:amd64 (2.0.2, 2.0.10), libudev1:amd64 (245.4-4ubuntu3, 245.4-4ubuntu3.23), libss2:amd64 (1.45.5-2ubuntu1, 1.45.5-2ubuntu1.1), mount:amd64 (2.34-0.1ubuntu9, 2.34-0.1ubuntu9.6), libext2fs2:amd64 (1.45.5-2ubuntu1, 1.45.5-2ubuntu1.1), libblkid1:amd64 (2.34-0.1ubuntu9, 2.34-0.1ubuntu9.6), dpkg:amd64 (1.19.7ubuntu3, 1.19.7ubuntu3.2), libc-bin:amd64 (2.31-0ubuntu9, 2.31-0ubuntu9.16), libtinfo6:amd64 (6.2-0ubuntu2, 6.2-0ubuntu2.1), libpcre3:amd64 (2:8.39-12build1, 2:8.39-12ubuntu0.1), tar:amd64 (1.30+dfsg-7, 1.30+dfsg-7ubuntu0.20.04.4), libuuid1:amd64 (2.34-0.1ubuntu9, 2.34-0.1ubuntu9.6), libgcrypt20:amd64 (1.8.5-5ubuntu1, 1.8.5-5ubuntu1.1), liblz4-1:amd64 (1.9.2-2, 1.9.2-2ubuntu0.20.04.1), libpcre2-8-0:amd64 (10.34-7, 10.34-7ubuntu0.1), gpgv:amd64 (2.2.19-3ubuntu2, 2.2.19-3ubuntu2.2), libsmartcols1:amd64 (2.34-0.1ubuntu9, 2.34-0.1ubuntu9.6), login:amd64 (1:4.8.1-1ubuntu5, 1:4.8.1-1ubuntu5.20.04.5), libhogweed5:amd64 (3.5.1+really3.5.1-2, 3.5.1+really3.5.1-2ubuntu0.2), ncurses-bin:amd64 (6.2-0ubuntu2, 6.2-0ubuntu2.1), libpam-modules-bin:amd64 (1.3.1-5ubuntu4, 1.3.1-5ubuntu4.7), bsdutils:amd64 (1:2.34-0.1ubuntu9, 1:2.34-0.1ubuntu9.6), libgcc-s1:amd64 (10-20200411-0ubuntu1, 10.5.0-1ubuntu1~20.04), libnettle7:amd64 (3.5.1+really3.5.1-2, 3.5.1+really3.5.1-2ubuntu0.2), ncurses-base:amd64 (6.2-0ubuntu2, 6.2-0ubuntu2.1), bash:amd64 (5.0-6ubuntu1, 5.0-6ubuntu1.2), libgnutls30:amd64 (3.6.13-2ubuntu1, 3.6.13-2ubuntu1.11), libp11-kit0:amd64 (0.23.20-1build1, 0.23.20-1ubuntu0.1), libzstd1:amd64 (1.4.4+dfsg-3, 1.4.4+dfsg-3ubuntu0.1), logsave:amd64 (1.45.5-2ubuntu1, 1.45.5-2ubuntu1.1), gzip:amd64 (1.10-0ubuntu4, 1.10-0ubuntu4.1), liblzma5:amd64 (5.2.4-1, 5.2.4-1ubuntu1.1), libstdc++6:amd64 (10-20200411-0ubuntu1, 10.5.0-1ubuntu1~20.04), base-files:amd64 (11ubuntu5, 11ubuntu5.8)
End-Date: 2024-05-30  02:07:02

Start-Date: 2024-08-17  08:09:30
Commandline: apt-get install --no-install-recommends -y ca-certificates bash curl wget procps apt-utils apt-transport-https bzip2 cron jq gnupg libnss-wrapper
Install: libgssapi3-heimdal:amd64 (7.7.0+dfsg-1ubuntu1.4, automatic), libkrb5-3:amd64 (1.17-6ubuntu4.6, automatic), libgssapi-krb5-2:amd64 (1.17-6ubuntu4.6, automatic), libnghttp2-14:amd64 (1.40.0-1ubuntu0.3, automatic), libwind0-heimdal:amd64 (7.7.0+dfsg-1ubuntu1.4, automatic), gnupg-utils:amd64 (2.2.19-3ubuntu2.2, automatic), jq:amd64 (1.6-1ubuntu0.20.04.1), libsasl2-modules-db:amd64 (2.1.27+dfsg-2ubuntu0.1, automatic), libcurl4:amd64 (7.68.0-1ubuntu2.23, automatic), gpg-wks-client:amd64 (2.2.19-3ubuntu2.2, automatic), libldap-2.4-2:amd64 (2.4.49+dfsg-2ubuntu1.10, automatic), openssl:amd64 (1.1.1f-1ubuntu2.23, automatic), gnupg-l10n:amd64 (2.2.19-3ubuntu2.2, automatic), libssh-4:amd64 (0.9.3-2ubuntu2.5, automatic), libbrotli1:amd64 (1.0.7-6ubuntu0.1, automatic), libheimntlm0-heimdal:amd64 (7.7.0+dfsg-1ubuntu1.4, automatic), libksba8:amd64 (1.3.5-2ubuntu0.20.04.2, automatic), libpsl5:amd64 (0.21.0-1ubuntu1, automatic), libsqlite3-0:amd64 (3.31.1-4ubuntu0.6, automatic), libjq1:amd64 (1.6-1ubuntu0.20.04.1, automatic), libheimbase1-heimdal:amd64 (7.7.0+dfsg-1ubuntu1.4, automatic), gpg-wks-server:amd64 (2.2.19-3ubuntu2.2, automatic), gpg:amd64 (2.2.19-3ubuntu2.2, automatic), libk5crypto3:amd64 (1.17-6ubuntu4.6, automatic), libsasl2-2:amd64 (2.1.27+dfsg-2ubuntu0.1, automatic), readline-common:amd64 (8.0-4, automatic), libassuan0:amd64 (2.5.3-7ubuntu2, automatic), dirmngr:amd64 (2.2.19-3ubuntu2.2, automatic), librtmp1:amd64 (2.4+20151223.gitfa8646d.1-2build1, automatic), libkrb5support0:amd64 (1.17-6ubuntu4.6, automatic), libldap-common:amd64 (2.4.49+dfsg-2ubuntu1.10, automatic), libhcrypto4-heimdal:amd64 (7.7.0+dfsg-1ubuntu1.4, automatic), libkeyutils1:amd64 (1.6-6ubuntu1.1, automatic), libnss-wrapper:amd64 (1.1.3-1), apt-utils:amd64 (2.0.10), libreadline8:amd64 (8.0-4, automatic), libonig5:amd64 (6.9.4-1, automatic), libroken18-heimdal:amd64 (7.7.0+dfsg-1ubuntu1.4, automatic), ca-certificates:amd64 (20230311ubuntu0.20.04.1), libasn1-8-heimdal:amd64 (7.7.0+dfsg-1ubuntu1.4, automatic), libkrb5-26-heimdal:amd64 (7.7.0+dfsg-1ubuntu1.4, automatic), wget:amd64 (1.20.3-1ubuntu2.1), apt-transport-https:amd64 (2.0.10), cron:amd64 (3.0pl1-136ubuntu1), libssl1.1:amd64 (1.1.1f-1ubuntu2.23, automatic), gnupg:amd64 (2.2.19-3ubuntu2.2), pinentry-curses:amd64 (1.1.0-3build1, automatic), libnpth0:amd64 (1.6-1, automatic), curl:amd64 (7.68.0-1ubuntu2.23), libhx509-5-heimdal:amd64 (7.7.0+dfsg-1ubuntu1.4, automatic), gpg-agent:amd64 (2.2.19-3ubuntu2.2, automatic), gpgconf:amd64 (2.2.19-3ubuntu2.2, automatic), gpgsm:amd64 (2.2.19-3ubuntu2.2, automatic)
End-Date: 2024-08-17  08:09:34

Start-Date: 2024-08-17  09:54:00
Commandline: apt-get install --no-install-recommends -y apache2 libapache2-mod-php php-gd php-json php-mysql php-sqlite3 php-pgsql php-curl php-intl php-zip php-xml php-mbstring php-soap php-ldap php-apcu php-apcu-bc php-redis php-dev libsmbclient-dev php-pear make php-gmp smbclient samba-common samba-common-bin samba-dsdb-modules libgomp1 liblcms2-2 liblqr-1-0 libfftw3-3 libxext6 libltdl7 libde265-0 libx265-179 exiftool sqlite3 librsvg2-common ghostscript
Install: libmpc3:amd64 (1.1.0-1, automatic), libxdmcp6:amd64 (1:1.1.3-0ubuntu1, automatic), libx265-179:amd64 (3.2.1-1build1), php7.4-gd:amd64 (7.4.3-4ubuntu2.23, automatic), libwebp6:amd64 (0.6.1-2ubuntu0.20.04.3, automatic), libldb2:amd64 (2:2.4.4-0ubuntu0.20.04.2, automatic), php7.4-cli:amd64 (7.4.3-4ubuntu2.23, automatic), autotools-dev:amd64 (20180224.1, automatic), libopenjp2-7:amd64 (2.3.1-1ubuntu4.20.04.1, automatic), libpangoft2-1.0-0:amd64 (1.44.7-2ubuntu4, automatic), php7.4-dev:amd64 (7.4.3-4ubuntu2.23, automatic), php-gd:amd64 (2:7.4+75), php-apcu-bc:amd64 (1.0.5-2build1), libpopt0:amd64 (1.16-14, automatic), libcups2:amd64 (2.3.1-9ubuntu1.8, automatic), libdbus-1-3:amd64 (1.12.16-2ubuntu2.3, automatic), shtool:amd64 (2.0.8-10, automatic), php-xml:amd64 (2:7.4+75), m4:amd64 (1.4.18-4, automatic), linux-libc-dev:amd64 (5.4.0-192.212, automatic), libzip5:amd64 (1.5.1-0ubuntu1, automatic), libfftw3-3:amd64 (3.3.8-2ubuntu1), php-igbinary:amd64 (3.1.2+2.0.8-1build1, automatic), libmpfr6:amd64 (4.0.2-1, automatic), php7.4-gmp:amd64 (7.4.3-4ubuntu2.23, automatic), gcc-9-base:amd64 (9.4.0-1ubuntu1~20.04.2, automatic), php-zip:amd64 (2:7.4+75), libapache2-mod-php:amd64 (2:7.4+75), libgdk-pixbuf2.0-0:amd64 (2.40.0+dfsg-3ubuntu0.5, automatic), libc6-dev:amd64 (2.31-0ubuntu9.16, automatic), libargon2-1:amd64 (0~20171227-0.2, automatic), liblcms2-2:amd64 (2.9-4), libcairo-gobject2:amd64 (1.16.0-4ubuntu1, automatic), libpython3.8-minimal:amd64 (3.8.10-0ubuntu1~20.04.11, automatic), php-common:amd64 (2:75, automatic), libctf-nobfd0:amd64 (2.34-6ubuntu1.9, automatic), libwbclient0:amd64 (2:4.15.13+dfsg-0ubuntu0.20.04.7, automatic), libaprutil1:amd64 (1.6.1-4ubuntu2.2, automatic), php7.4-json:amd64 (7.4.3-4ubuntu2.23, automatic), libgd3:amd64 (2.2.5-5.2ubuntu2.1, automatic), python3-ldb:amd64 (2:2.4.4-0ubuntu0.20.04.2, automatic), libgs9:amd64 (9.50~dfsg-5ubuntu4.13, automatic), cpp-9:amd64 (9.4.0-1ubuntu1~20.04.2, automatic), libpixman-1-0:amd64 (0.38.4-0ubuntu2.1, automatic), fonts-urw-base35:amd64 (20170801.1-3, automatic), librsvg2-common:amd64 (2.48.9-1ubuntu0.20.04.4), libxrender1:amd64 (1:0.9.10-1, automatic), samba-dsdb-modules:amd64 (2:4.15.13+dfsg-0ubuntu0.20.04.7), libicu66:amd64 (66.1-2ubuntu2.1, automatic), binutils:amd64 (2.34-6ubuntu1.9, automatic), cpp:amd64 (4:9.3.0-1ubuntu2, automatic), php7.4-pgsql:amd64 (7.4.3-4ubuntu2.23, automatic), libgpgme11:amd64 (1.13.1-7ubuntu2.2, automatic), php7.4-curl:amd64 (7.4.3-4ubuntu2.23, automatic), libbsd0:amd64 (0.10.0-1, automatic), libarchive13:amd64 (3.4.0-2ubuntu1.2, automatic), libitm1:amd64 (10.5.0-1ubuntu1~20.04, automatic), libpcre2-32-0:amd64 (10.34-7ubuntu0.1, automatic), libavahi-common-data:amd64 (0.7-4ubuntu7.3, automatic), php7.4-ldap:amd64 (7.4.3-4ubuntu2.23, automatic), perl-modules-5.30:amd64 (5.30.0-9ubuntu0.5, automatic), libavahi-common3:amd64 (0.7-4ubuntu7.3, automatic), libaprutil1-dbd-sqlite3:amd64 (1.6.1-4ubuntu2.2, automatic), libnuma1:amd64 (2.0.12-1, automatic), automake:amd64 (1:1.16.1-4ubuntu6, automatic), libpython3.8:amd64 (3.8.10-0ubuntu1~20.04.11, automatic), python3.8:amd64 (3.8.10-0ubuntu1~20.04.11, automatic), gcc:amd64 (4:9.3.0-1ubuntu2, automatic), libthai-data:amd64 (0.1.28-3, automatic), python3:amd64 (3.8.2-0ubuntu2, automatic), mime-support:amd64 (3.64ubuntu1, automatic), libxcb-shm0:amd64 (1.14-2, automatic), php-sqlite3:amd64 (2:7.4+75), php7.4-intl:amd64 (7.4.3-4ubuntu2.23, automatic), libasan5:amd64 (9.4.0-1ubuntu1~20.04.2, automatic), libxcb-render0:amd64 (1.14-2, automatic), libquadmath0:amd64 (10.5.0-1ubuntu1~20.04, automatic), python3-tdb:amd64 (1.4.5-0ubuntu0.20.04.1, automatic), libmagic1:amd64 (1:5.38-4, automatic), php7.4-sqlite3:amd64 (7.4.3-4ubuntu2.23, automatic), libpq5:amd64 (12.19-0ubuntu0.20.04.1, automatic), libmpdec2:amd64 (2.4.2-3, automatic), fontconfig-config:amd64 (2.13.1-2ubuntu3, automatic), apache2-data:amd64 (2.4.41-4ubuntu3.21, automatic), libx11-6:amd64 (2:1.6.9-2ubuntu1.6, automatic), libisl22:amd64 (0.22.1-1, automatic), libexpat1:amd64 (2.2.9-1ubuntu0.6, automatic), php-pear:amd64 (1:1.10.9+submodules+notgz-1ubuntu0.20.04.3), libtalloc2:amd64 (2.3.3-0ubuntu0.20.04.1, automatic), libltdl7:amd64 (2.4.6-14), libpaper1:amd64 (1.1.28, automatic), liblmdb0:amd64 (0.9.24-1, automatic), php-json:amd64 (2:7.4+75), php7.4-opcache:amd64 (7.4.3-4ubuntu2.23, automatic), libperl5.30:amd64 (5.30.0-9ubuntu0.5, automatic), samba-libs:amd64 (2:4.15.13+dfsg-0ubuntu0.20.04.7, automatic), libapr1:amd64 (1.6.5-1ubuntu1, automatic), binutils-x86-64-linux-gnu:amd64 (2.34-6ubuntu1.9, automatic), sqlite3:amd64 (3.31.1-4ubuntu0.6), php7.4-soap:amd64 (7.4.3-4ubuntu2.23, automatic), libcrypt-dev:amd64 (1:4.4.10-10ubuntu4, automatic), php7.4-xml:amd64 (7.4.3-4ubuntu2.23, automatic), autoconf:amd64 (2.69-11.1, automatic), liblqr-1-0:amd64 (0.4.2-2.1), libaprutil1-ldap:amd64 (1.6.1-4ubuntu2.2, automatic), fontconfig:amd64 (2.13.1-2ubuntu3, automatic), libtiff5:amd64 (4.1.0+git191117-2ubuntu0.20.04.13, automatic), python3-minimal:amd64 (3.8.2-0ubuntu2, automatic), libxau6:amd64 (1:1.0.9-0ubuntu1, automatic), libtsan0:amd64 (10.5.0-1ubuntu1~20.04, automatic), php-curl:amd64 (2:7.4+75), php7.4-zip:amd64 (7.4.3-4ubuntu2.23, automatic), php-pgsql:amd64 (2:7.4+75), libmagic-mgc:amd64 (1:5.38-4, automatic), libubsan1:amd64 (10.5.0-1ubuntu1~20.04, automatic), libpangocairo-1.0-0:amd64 (1.44.7-2ubuntu4, automatic), psmisc:amd64 (23.3-1, automatic), php-ldap:amd64 (2:7.4+75), libxcb1:amd64 (1.14-2, automatic), python3-samba:amd64 (2:4.15.13+dfsg-0ubuntu0.20.04.7, automatic), librsvg2-2:amd64 (2.48.9-1ubuntu0.20.04.4, automatic), libjbig2dec0:amd64 (0.18-1ubuntu1, automatic), libcap2:amd64 (1:2.32-1ubuntu0.1, automatic), libpython3-stdlib:amd64 (3.8.2-0ubuntu2, automatic), make:amd64 (4.2.1-1.2), python3.8-minimal:amd64 (3.8.10-0ubuntu1~20.04.11, automatic), samba-common:amd64 (2:4.15.13+dfsg-0ubuntu0.20.04.7), php7.4-mysql:amd64 (7.4.3-4ubuntu2.23, automatic), libgdbm6:amd64 (1.18.1-5, automatic), gcc-9:amd64 (9.4.0-1ubuntu1~20.04.2, automatic), fonts-dejavu-core:amd64 (2.37-1, automatic), ucf:amd64 (3.0038+nmu1, automatic), libpcre2-dev:amd64 (10.34-7ubuntu0.1, automatic), php7.4-mbstring:amd64 (7.4.3-4ubuntu2.23, automatic), php7.4-readline:amd64 (7.4.3-4ubuntu2.23, automatic), php-intl:amd64 (2:7.4+75), libjpeg8:amd64 (8c-2ubuntu8, automatic), php-dev:amd64 (2:7.4+75), liblua5.2-0:amd64 (5.2.4-1.1build3, automatic), ghostscript:amd64 (9.50~dfsg-5ubuntu4.13), liblsan0:amd64 (10.5.0-1ubuntu1~20.04, automatic), shared-mime-info:amd64 (1.15-1, automatic), libimage-exiftool-perl:amd64 (11.88-1ubuntu0.1), libgomp1:amd64 (10.5.0-1ubuntu1~20.04), libssl-dev:amd64 (1.1.1f-1ubuntu2.23, automatic), libthai0:amd64 (0.1.28-3, automatic), libijs-0.35:amd64 (0.35-15, automatic), libfontconfig1:amd64 (2.13.1-2ubuntu3, automatic), libx11-data:amd64 (2:1.6.9-2ubuntu1.6, automatic), libfftw3-long3:amd64 (3.3.8-2ubuntu1, automatic), libgdk-pixbuf2.0-common:amd64 (2.40.0+dfsg-3ubuntu0.5, automatic), libsmbclient:amd64 (2:4.15.13+dfsg-0ubuntu0.20.04.7, automatic), smbclient:amd64 (2:4.15.13+dfsg-0ubuntu0.20.04.7), samba-common-bin:amd64 (2:4.15.13+dfsg-0ubuntu0.20.04.7), libsodium23:amd64 (1.0.18-1, automatic), libtdb1:amd64 (1.4.5-0ubuntu0.20.04.1, automatic), php-gmp:amd64 (2:7.4+75), libgs9-common:amd64 (9.50~dfsg-5ubuntu4.13, automatic), binutils-common:amd64 (2.34-6ubuntu1.9, automatic), libgraphite2-3:amd64 (1.3.13-11build1, automatic), libfftw3-double3:amd64 (3.3.8-2ubuntu1, automatic), php-redis:amd64 (5.1.1+4.3.0-1), libjpeg-turbo8:amd64 (2.0.3-0ubuntu1.20.04.3, automatic), python3-talloc:amd64 (2.3.3-0ubuntu0.20.04.1, automatic), php-mbstring:amd64 (2:7.4+75), php-soap:amd64 (2:7.4+75), libjbig0:amd64 (2.1-3.1ubuntu0.20.04.1, automatic), libc-dev-bin:amd64 (2.31-0ubuntu9.16, automatic), libxml2:amd64 (2.9.10+dfsg-5ubuntu0.20.04.7, automatic), file:amd64 (1:5.38-4, automatic), python3-crypto:amd64 (2.6.1-13ubuntu2, automatic), libidn11:amd64 (1.33-2.2ubuntu2, automatic), libbinutils:amd64 (2.34-6ubuntu1.9, automatic), libpcre2-posix2:amd64 (10.34-7ubuntu0.1, automatic), libpython3.8-stdlib:amd64 (3.8.10-0ubuntu1~20.04.11, automatic), libedit2:amd64 (3.1-20191231-1, automatic), apache2-bin:amd64 (2.4.41-4ubuntu3.21, automatic), libsmbclient-dev:amd64 (2:4.15.13+dfsg-0ubuntu0.20.04.7), libfreetype6:amd64 (2.10.1-2ubuntu0.3, automatic), perl:amd64 (5.30.0-9ubuntu0.5, automatic), php7.4-common:amd64 (7.4.3-4ubuntu2.23, automatic), libxpm4:amd64 (1:3.5.12-1ubuntu0.20.04.2, automatic), libatomic1:amd64 (10.5.0-1ubuntu1~20.04, automatic), libharfbuzz0b:amd64 (2.6.4-1ubuntu4.2, automatic), libcc1-0:amd64 (10.5.0-1ubuntu1~20.04, automatic), libjansson4:amd64 (2.12-1build1, automatic), libgdbm-compat4:amd64 (1.18.1-5, automatic), libcairo2:amd64 (1.16.0-4ubuntu1, automatic), apache2:amd64 (2.4.41-4ubuntu3.21), php-mysql:amd64 (2:7.4+75), libavahi-client3:amd64 (0.7-4ubuntu7.3, automatic), apache2-utils:amd64 (2.4.41-4ubuntu3.21, automatic), libpango-1.0-0:amd64 (1.44.7-2ubuntu4, automatic), poppler-data:amd64 (0.4.9-2, automatic), libtevent0:amd64 (0.11.0-0ubuntu0.20.04.1, automatic), libpcre2-16-0:amd64 (10.34-7ubuntu0.1, automatic), libapache2-mod-php7.4:amd64 (7.4.3-4ubuntu2.23, automatic), libglib2.0-0:amd64 (2.64.6-1~ubuntu20.04.7, automatic), libde265-0:amd64 (1.0.4-1ubuntu0.4), libfribidi0:amd64 (1.0.8-2ubuntu0.1, automatic), libtool:amd64 (2.4.6-14, automatic), libctf0:amd64 (2.34-6ubuntu1.9, automatic), libgcc-9-dev:amd64 (9.4.0-1ubuntu1~20.04.2, automatic), libxslt1.1:amd64 (1.1.34-4ubuntu0.20.04.1, automatic), php-apcu:amd64 (5.1.18+4.0.11-1build1), libfftw3-single3:amd64 (3.3.8-2ubuntu1, automatic), libxext6:amd64 (2:1.3.4-0ubuntu1), libdatrie1:amd64 (0.2.12-3, automatic), libsigsegv2:amd64 (2.12-2, automatic), tzdata:amd64 (2024a-0ubuntu0.20.04.1, automatic), libpng16-16:amd64 (1.6.37-2, automatic)
End-Date: 2024-08-17  09:54:37

Start-Date: 2024-08-17  09:54:49
Commandline: apt-get install -qq lsb-release
Install: distro-info-data:amd64 (0.43ubuntu1.16, automatic), lsb-release:amd64 (11.1.0ubuntu2)
End-Date: 2024-08-17  09:54:49

Start-Date: 2024-08-17  09:54:59
Commandline: apt-get install -y git curl make cmake automake libtool yasm g++ pkg-config perl
Install: yasm:amd64 (1.3.0-2ubuntu1), git-man:amd64 (1:2.25.1-1ubuntu3.13, automatic), librhash0:amd64 (1.3.9-1, automatic), g++:amd64 (4:9.3.0-1ubuntu2), liblocale-gettext-perl:amd64 (1.07-4, automatic), git:amd64 (1:2.25.1-1ubuntu3.13), cmake-data:amd64 (3.16.3-1ubuntu1.20.04.1, automatic), libfido2-1:amd64 (1.3.1-1ubuntu2, automatic), libstdc++-9-dev:amd64 (9.4.0-1ubuntu1~20.04.2, automatic), libfile-fcntllock-perl:amd64 (0.22-3build4, automatic), libuv1:amd64 (1.34.2-1ubuntu1.5, automatic), g++-9:amd64 (9.4.0-1ubuntu1~20.04.2, automatic), pkg-config:amd64 (0.29.1-0ubuntu4), libxmuu1:amd64 (2:1.1.3-0ubuntu1, automatic), xz-utils:amd64 (5.2.4-1ubuntu1.1, automatic), openssh-client:amd64 (1:8.2p1-4ubuntu0.11, automatic), cmake:amd64 (3.16.3-1ubuntu1.20.04.1), xauth:amd64 (1:1.1-0ubuntu1, automatic), libjsoncpp1:amd64 (1.7.4-3.1ubuntu2, automatic), libdpkg-perl:amd64 (1.19.7ubuntu3.2, automatic), patch:amd64 (2.7.6-6, automatic), libcbor0.6:amd64 (0.6.0-0ubuntu1, automatic), libcurl3-gnutls:amd64 (7.68.0-1ubuntu2.23, automatic), less:amd64 (551-1ubuntu0.3, automatic), liberror-perl:amd64 (0.17029-1, automatic)
End-Date: 2024-08-17  09:55:02

Start-Date: 2024-08-17  09:55:29
Commandline: apt-get install -y libde265-dev libx265-dev libltdl-dev libopenjp2-7-dev liblcms2-dev libbrotli-dev libzip-dev libbz2-dev liblqr-1-0-dev libzstd-dev libgif-dev libjpeg-dev libopenexr-dev libpng-dev libwebp-dev librsvg2-dev libwmf-dev libxml2-dev libxml2 libtiff-dev libraw-dev ghostscript gsfonts ffmpeg libpango1.0-dev libdjvulibre-dev libfftw3-dev libgs-dev libgraphviz-dev libraqm-dev libraqm0
Install: alsa-topology-conf:amd64 (1.2.2-1, automatic), libcairo-script-interpreter2:amd64 (1.16.0-4ubuntu1, automatic), libpthread-stubs0-dev:amd64 (0.4-1, automatic), libpcre16-3:amd64 (2:8.39-12ubuntu0.1, automatic), libdjvulibre-text:amd64 (3.5.27.1-14ubuntu0.1, automatic), libdc1394-22:amd64 (2.2.5-2.1, automatic), libltdl-dev:amd64 (2.4.6-14), libusb-1.0-0:amd64 (2:1.0.23-2build1, automatic), libavformat58:amd64 (7:4.2.7-0ubuntu0.1, automatic), libsnappy1v5:amd64 (1.1.8-1build1, automatic), librsvg2-dev:amd64 (2.48.9-1ubuntu0.20.04.4), libjpeg-turbo8-dev:amd64 (2.0.3-0ubuntu1.20.04.3, automatic), libavfilter7:amd64 (7:4.2.7-0ubuntu0.1, automatic), libraw1394-11:amd64 (2.1.2-1, automatic), libvulkan1:amd64 (1.2.131.2-1, automatic), libwayland-egl1:amd64 (1.18.0-1ubuntu0.1, automatic), libxdot4:amd64 (2.42.2-3build2, automatic), libchromaprint1:amd64 (1.4.3-3build1, automatic), libdrm-nouveau2:amd64 (2.4.107-8ubuntu1~20.04.2, automatic), libice-dev:amd64 (2:1.0.10-0ubuntu1, automatic), python3-distutils:amd64 (3.8.10-0ubuntu1~20.04, automatic), libraqm0:amd64 (0.7.0-4), ffmpeg:amd64 (7:4.2.7-0ubuntu0.1), libgts-bin:amd64 (0.7.6+darcs121130-4, automatic), libpcre3-dev:amd64 (2:8.39-12ubuntu0.1, automatic), libfftw3-quad3:amd64 (3.3.8-2ubuntu1, automatic), libxcb-xfixes0:amd64 (1.14-2, automatic), libgtk2.0-bin:amd64 (2.24.32-4ubuntu4.1, automatic), alsa-ucm-conf:amd64 (1.2.2-1ubuntu0.13, automatic), libgirepository-1.0-1:amd64 (1.64.1-1~ubuntu20.04.1, automatic), gir1.2-gdkpixbuf-2.0:amd64 (2.40.0+dfsg-3ubuntu0.5, automatic), libx265-dev:amd64 (3.2.1-1build1), libnorm1:amd64 (1.5.8+dfsg2-2build1, automatic), libxext-dev:amd64 (2:1.3.4-0ubuntu1, automatic), libjpeg-dev:amd64 (8c-2ubuntu8), libopenal1:amd64 (1:1.19.1-1, automatic), va-driver-all:amd64 (2.7.0-2, automatic), libswresample3:amd64 (7:4.2.7-0ubuntu0.1, automatic), libopenexr-dev:amd64 (2.3.0-6ubuntu0.5), libcairo2-dev:amd64 (1.16.0-4ubuntu1, automatic), libsndio7.0:amd64 (1.5.0-3, automatic), libraw19:amd64 (0.19.5-1ubuntu1.3, automatic), libpciaccess0:amd64 (0.16-0ubuntu1, automatic), libpgm-5.2-0:amd64 (5.2.122~dfsg-3ubuntu1, automatic), libexpat1-dev:amd64 (2.2.9-1ubuntu0.6, automatic), libdjvulibre-dev:amd64 (3.5.27.1-14ubuntu0.1), libxcb-present0:amd64 (1.14-2, automatic), libgl1:amd64 (1.3.2-1~ubuntu0.20.04.2, automatic), libzmq5:amd64 (4.3.2-2ubuntu1, automatic), libsratom-0-0:amd64 (0.6.4-1, automatic), libpng-dev:amd64 (1.6.37-2), libglapi-mesa:amd64 (21.2.6-0ubuntu0.1~20.04.2, automatic), libgs-dev:amd64 (9.50~dfsg-5ubuntu4.13), libasound2-data:amd64 (1.2.2-2.1ubuntu2.5, automatic), libcdio18:amd64 (2.0.0-2ubuntu0.2, automatic), libelf1:amd64 (0.176-1.1ubuntu0.1, automatic), libharfbuzz-gobject0:amd64 (2.6.4-1ubuntu4.2, automatic), libogg0:amd64 (1.3.4-0ubuntu1, automatic), libigdgmm11:amd64 (20.1.1+ds1-1, automatic), libopenmpt0:amd64 (0.4.11-1build1, automatic), humanity-icon-theme:amd64 (0.6.15, automatic), libgts-0.7-5:amd64 (0.7.6+darcs121130-4, automatic), libffi-dev:amd64 (3.3-4, automatic), liblilv-0-0:amd64 (0.24.6-1ubuntu0.1, automatic), libcgraph6:amd64 (2.42.2-3build2, automatic), libwrap0:amd64 (7.6.q-30, automatic), libsm-dev:amd64 (2:1.2.3-1, automatic), libtiff-dev:amd64 (4.1.0+git191117-2ubuntu0.20.04.13), libgail-common:amd64 (2.24.32-4ubuntu4.1, automatic), libvdpau1:amd64 (1.3-1ubuntu2, automatic), libcdio-cdda2:amd64 (10.2+2.0.0-1, automatic), libmp3lame0:amd64 (3.100-3, automatic), libgtk2.0-0:amd64 (2.24.32-4ubuntu4.1, automatic), libxcursor1:amd64 (1:1.2.0-2, automatic), xtrans-dev:amd64 (1.4.0-1, automatic), gir1.2-pango-1.0:amd64 (1.44.7-2ubuntu4, automatic), libharfbuzz-icu0:amd64 (2.6.4-1ubuntu4.2, automatic), libvorbisfile3:amd64 (1.3.6-2ubuntu1, automatic), libselinux1-dev:amd64 (3.0-1build2, automatic), libfribidi-dev:amd64 (1.0.8-2ubuntu0.1, automatic), libpcre32-3:amd64 (2:8.39-12ubuntu0.1, automatic), libgvc6-plugins-gtk:amd64 (2.42.2-3build2, automatic), x11proto-xext-dev:amd64 (2019.2-1ubuntu1, automatic), zlib1g-dev:amd64 (1:1.2.11.dfsg-2ubuntu1.5, automatic), libbz2-dev:amd64 (1.0.8-2), libxcb-randr0:amd64 (1.14-2, automatic), libgail18:amd64 (2.24.32-4ubuntu4.1, automatic), libxcb1-dev:amd64 (1.14-2, automatic), gir1.2-freedesktop:amd64 (1.64.1-1~ubuntu20.04.1, automatic), libwmf0.2-7:amd64 (0.2.8.4-17ubuntu1, automatic), xkb-data:amd64 (2.29-2, automatic), libwavpack1:amd64 (5.2.0-1ubuntu0.1, automatic), libbdplus0:amd64 (0.1.2-3, automatic), vdpau-driver-all:amd64 (1.3-1ubuntu2, automatic), libopus0:amd64 (1.3.1-0ubuntu1, automatic), librubberband2:amd64 (1.8.2-1build1, automatic), libopenal-data:amd64 (1:1.19.1-1, automatic), libpostproc55:amd64 (7:4.2.7-0ubuntu0.1, automatic), liblab-gamut1:amd64 (2.42.2-3build2, automatic), libvpx6:amd64 (1.8.2-1ubuntu0.3, automatic), libapparmor1:amd64 (2.13.3-7ubuntu5.3, automatic), libwebpdemux2:amd64 (0.6.1-2ubuntu0.20.04.3, automatic), libxshmfence1:amd64 (1.3-1, automatic), libaom0:amd64 (1.0.0.errata1-3+deb11u1build0.20.04.1, automatic), libsm6:amd64 (2:1.2.3-1, automatic), liblcms2-dev:amd64 (2.9-4), libmount-dev:amd64 (2.34-0.1ubuntu9.6, automatic), libfontconfig1-dev:amd64 (2.13.1-2ubuntu3, automatic), libraw-dev:amd64 (0.19.5-1ubuntu1.3), libwayland-client0:amd64 (1.18.0-1ubuntu0.1, automatic), pango1.0-tools:amd64 (1.44.7-2ubuntu4, automatic), libfftw3-bin:amd64 (3.3.8-2ubuntu1, automatic), libcdio-paranoia2:amd64 (10.2+2.0.0-1, automatic), libpangoxft-1.0-0:amd64 (1.44.7-2ubuntu4, automatic), libpango1.0-dev:amd64 (1.44.7-2ubuntu4), x11proto-core-dev:amd64 (2019.2-1ubuntu1, automatic), libdrm-amdgpu1:amd64 (2.4.107-8ubuntu1~20.04.2, automatic), libharfbuzz-dev:amd64 (2.6.4-1ubuntu4.2, automatic), libraqm-dev:amd64 (0.7.0-4), libllvm12:amd64 (1:12.0.0-3ubuntu1~20.04.5, automatic), libglib2.0-dev-bin:amd64 (2.64.6-1~ubuntu20.04.7, automatic), libva2:amd64 (2.7.0-2, automatic), libxau-dev:amd64 (1:1.0.9-0ubuntu1, automatic), libfftw3-dev:amd64 (3.3.8-2ubuntu1), libatk1.0-0:amd64 (2.35.1-1ubuntu2, automatic), libxcomposite1:amd64 (1:0.4.5-1, automatic), adwaita-icon-theme:amd64 (3.36.1-2ubuntu0.20.04.2, automatic), libx264-155:amd64 (2:0.155.2917+git0a84d98-2, automatic), libpulse0:amd64 (1:13.99.1-1ubuntu3.13, automatic), libass9:amd64 (1:0.14.0-2, automatic), libmpg123-0:amd64 (1.25.13-1, automatic), gir1.2-glib-2.0:amd64 (1.64.1-1~ubuntu20.04.1, automatic), libxvidcore4:amd64 (2:1.3.7-1, automatic), libcaca0:amd64 (0.99.beta19-2.1ubuntu1.20.04.2, automatic), libxi6:amd64 (2:1.7.10-0ubuntu1, automatic), libiec61883-0:amd64 (1.2.0-3, automatic), libilmbase24:amd64 (2.3.0-6build1, automatic), libzvbi0:amd64 (0.2.35-17, automatic), libjbig-dev:amd64 (2.1-3.1ubuntu0.20.04.1, automatic), libxv1:amd64 (2:1.0.11-1, automatic), libvorbisenc2:amd64 (1.3.6-2ubuntu1, automatic), libfreetype6-dev:amd64 (2.10.1-2ubuntu0.3, automatic), libgif7:amd64 (5.1.9-1ubuntu0.1, automatic), libxinerama1:amd64 (2:1.1.4-2, automatic), libspeex1:amd64 (1.2~rc1.2-1.1ubuntu1.20.04.1, automatic), libxft-dev:amd64 (2.3.3-0ubuntu1, automatic), libaacs0:amd64 (0.9.0-2, automatic), libxdmcp-dev:amd64 (1:1.1.3-0ubuntu1, automatic), libxml2-dev:amd64 (2.9.10+dfsg-5ubuntu0.20.04.7), libjack-jackd2-0:amd64 (1.9.12~dfsg-2ubuntu2, automatic), libavcodec58:amd64 (7:4.2.7-0ubuntu0.1, automatic), libzip-dev:amd64 (1.5.1-0ubuntu1), libglib2.0-bin:amd64 (2.64.6-1~ubuntu20.04.7, automatic), libxcb-shm0-dev:amd64 (1.14-2, automatic), libxft2:amd64 (2.3.3-0ubuntu1, automatic), libxrandr2:amd64 (2:1.5.2-0ubuntu1, automatic), libcdt5:amd64 (2.42.2-3build2, automatic), libavutil56:amd64 (7:4.2.7-0ubuntu0.1, automatic), libxcb-render0-dev:amd64 (1.14-2, automatic), libtheora0:amd64 (1.1.1+dfsg.1-15ubuntu2, automatic), libsndfile1:amd64 (1.0.28-7ubuntu0.2, automatic), libdrm2:amd64 (2.4.107-8ubuntu1~20.04.2, automatic), python3-lib2to3:amd64 (3.8.10-0ubuntu1~20.04, automatic), libxcb-shape0:amd64 (1.14-2, automatic), libglib2.0-dev:amd64 (2.64.6-1~ubuntu20.04.7, automatic), libglx0:amd64 (1.3.2-1~ubuntu0.20.04.2, automatic), libpathplan4:amd64 (2.42.2-3build2, automatic), libgme0:amd64 (0.6.2-1build1, automatic), libavdevice58:amd64 (7:4.2.7-0ubuntu0.1, automatic), libgdk-pixbuf2.0-bin:amd64 (2.40.0+dfsg-3ubuntu0.5, automatic), libsepol1-dev:amd64 (3.0-1ubuntu0.1, automatic), libssh-gcrypt-4:amd64 (0.9.3-2ubuntu2.5, automatic), hicolor-icon-theme:amd64 (0.17-2, automatic), libxfixes3:amd64 (1:5.0.3-2, automatic), libsoxr0:amd64 (0.1.3-2build1, automatic), libwebpmux3:amd64 (0.6.1-2ubuntu0.20.04.3, automatic), uuid-dev:amd64 (2.34-0.1ubuntu9.6, automatic), libasyncns0:amd64 (0.8-6, automatic), libgraphite2-dev:amd64 (1.3.13-11build1, automatic), libgl1-mesa-dri:amd64 (21.2.6-0ubuntu0.1~20.04.2, automatic), libswscale5:amd64 (7:4.2.7-0ubuntu0.1, automatic), libxrender-dev:amd64 (1:0.9.10-1, automatic), libgvpr2:amd64 (2.42.2-3build2, automatic), libopenexr24:amd64 (2.3.0-6ubuntu0.5, automatic), libgdk-pixbuf2.0-dev:amd64 (2.40.0+dfsg-3ubuntu0.5, automatic), gir1.2-harfbuzz-0.0:amd64 (2.6.4-1ubuntu4.2, automatic), libsdl2-2.0-0:amd64 (2.0.10+dfsg1-3, automatic), libmysofa1:amd64 (1.0~dfsg0-1, automatic), libsord-0-0:amd64 (0.16.4-1, automatic), libgtk2.0-common:amd64 (2.24.32-4ubuntu4.1, automatic), libvidstab1.1:amd64 (1.1.0-2, automatic), gsfonts:amd64 (1:8.11+urwcyr1.0.7~pre44-4.4), libasound2:amd64 (1.2.2-2.1ubuntu2.5, automatic), libxxf86vm1:amd64 (1:1.1.4-1build1, automatic), libx11-dev:amd64 (2:1.6.9-2ubuntu1.6, automatic), libglib2.0-data:amd64 (2.64.6-1~ubuntu20.04.7, automatic), libxdamage1:amd64 (1:1.1.5-2, automatic), liblqr-1-0-dev:amd64 (0.4.2-2.1), libbrotli-dev:amd64 (1.0.7-6ubuntu0.1), libshine3:amd64 (3.1.1-2, automatic), libdjvulibre21:amd64 (3.5.27.1-14ubuntu0.1, automatic), intel-media-va-driver:amd64 (20.1.1+dfsg1-1, automatic), libwebp-dev:amd64 (0.6.1-2ubuntu0.20.04.3), libflac8:amd64 (1.3.3-1ubuntu0.2, automatic), libzstd-dev:amd64 (1.4.4+dfsg-3ubuntu0.1), libdrm-intel1:amd64 (2.4.107-8ubuntu1~20.04.2, automatic), libsensors-config:amd64 (1:3.6.0-2ubuntu1.1, automatic), libtwolame0:amd64 (0.4.0-2, automatic), libgraphviz-dev:amd64 (2.42.2-3build2), xorg-sgml-doctools:amd64 (1:1.11-1, automatic), libicu-dev:amd64 (66.1-2ubuntu2.1, automatic), libgsm1:amd64 (1.0.18-2, automatic), libva-x11-2:amd64 (2.7.0-2, automatic), libcodec2-0.9:amd64 (0.9.2-2, automatic), libilmbase-dev:amd64 (2.3.0-6build1, automatic), libjpeg8-dev:amd64 (8c-2ubuntu8, automatic), libbs2b0:amd64 (3.1.0+dfsg-2.2build1, automatic), libpng-tools:amd64 (1.6.37-2, automatic), x11-common:amd64 (1:7.7+19ubuntu14, automatic), gtk-update-icon-cache:amd64 (3.24.20-0ubuntu1.2, automatic), libdrm-radeon1:amd64 (2.4.107-8ubuntu1~20.04.2, automatic), libva-drm2:amd64 (2.7.0-2, automatic), libgif-dev:amd64 (5.1.9-1ubuntu0.1), mesa-vdpau-drivers:amd64 (21.2.6-0ubuntu0.1~20.04.2, automatic), ocl-icd-libopencl1:amd64 (2.2.11-1ubuntu1, automatic), mesa-vulkan-drivers:amd64 (21.2.6-0ubuntu0.1~20.04.2, automatic), libvorbis0a:amd64 (1.3.6-2ubuntu1, automatic), libpixman-1-dev:amd64 (0.38.4-0ubuntu2.1, automatic), libatk1.0-data:amd64 (2.35.1-1ubuntu2, automatic), libthai-dev:amd64 (0.1.28-3, automatic), libgvc6:amd64 (2.42.2-3build2, automatic), icu-devtools:amd64 (66.1-2ubuntu2.1, automatic), libpcrecpp0v5:amd64 (2:8.39-12ubuntu0.1, automatic), libice6:amd64 (2:1.0.10-0ubuntu1, automatic), i965-va-driver:amd64 (2.4.0-0ubuntu1, automatic), x11proto-dev:amd64 (2019.2-1ubuntu1, automatic), libavc1394-0:amd64 (0.5.4-5, automatic), libxcb-glx0:amd64 (1.14-2, automatic), libzvbi-common:amd64 (0.2.35-17, automatic), libserd-0-0:amd64 (0.30.2-1, automatic), libxss1:amd64 (1:1.2.3-1, automatic), libblkid-dev:amd64 (2.34-0.1ubuntu9.6, automatic), libxcb-dri2-0:amd64 (1.14-2, automatic), libxkbcommon0:amd64 (0.10.0-1, automatic), gir1.2-rsvg-2.0:amd64 (2.48.9-1ubuntu0.20.04.4, automatic), bzip2-doc:amd64 (1.0.8-2, automatic), libopenjp2-7-dev:amd64 (2.3.1-1ubuntu4.20.04.1), libsensors5:amd64 (1:3.6.0-2ubuntu1.1, automatic), libwmf-dev:amd64 (0.2.8.4-17ubuntu1), libsamplerate0:amd64 (0.1.9-2, automatic), ubuntu-mono:amd64 (19.04-0ubuntu3, automatic), libde265-dev:amd64 (1.0.4-1ubuntu0.4), libxcb-dri3-0:amd64 (1.14-2, automatic), liblzma-dev:amd64 (5.2.4-1ubuntu1.1, automatic), libbluray2:amd64 (1:1.2.0-1, automatic), libavresample4:amd64 (7:4.2.7-0ubuntu0.1, automatic), libflite1:amd64 (2.1-release-3, automatic), libx11-xcb1:amd64 (2:1.6.9-2ubuntu1.6, automatic), libxcb-sync1:amd64 (1.14-2, automatic), libtiffxx5:amd64 (4.1.0+git191117-2ubuntu0.20.04.13, automatic), mesa-va-drivers:amd64 (21.2.6-0ubuntu0.1~20.04.2, automatic), libglx-mesa0:amd64 (21.2.6-0ubuntu0.1~20.04.2, automatic), libglvnd0:amd64 (1.3.2-1~ubuntu0.20.04.2, automatic), libdrm-common:amd64 (2.4.107-8ubuntu1~20.04.2, automatic), libdatrie-dev:amd64 (0.2.12-3, automatic), liblzo2-2:amd64 (2.10-2, automatic), libfreetype-dev:amd64 (2.10.1-2ubuntu0.3, automatic), libwayland-cursor0:amd64 (1.18.0-1ubuntu0.1, automatic), libslang2:amd64 (2.3.2-4, automatic)
End-Date: 2024-08-17  09:55:51

Start-Date: 2024-08-17  09:58:55
Commandline: apt-get purge -y *-dev git cmake automake libtool yasm g++ gsfonts ffmpeg less pkg-config xz-utils php-pear make
Purge: libpthread-stubs0-dev:amd64 (0.4-1), libltdl-dev:amd64 (2.4.6-14), autotools-dev:amd64 (20180224.1), librsvg2-dev:amd64 (2.48.9-1ubuntu0.20.04.4), libjpeg-turbo8-dev:amd64 (2.0.3-0ubuntu1.20.04.3), php7.4-dev:amd64 (7.4.3-4ubuntu2.23), libice-dev:amd64 (2:1.0.10-0ubuntu1), ffmpeg:amd64 (7:4.2.7-0ubuntu0.1), libpcre3-dev:amd64 (2:8.39-12ubuntu0.1), linux-libc-dev:amd64 (5.4.0-192.212), yasm:amd64 (1.3.0-2ubuntu1), libx265-dev:amd64 (3.2.1-1build1), libc6-dev:amd64 (2.31-0ubuntu9.16), libxext-dev:amd64 (2:1.3.4-0ubuntu1), libjpeg-dev:amd64 (8c-2ubuntu8), libopenexr-dev:amd64 (2.3.0-6ubuntu0.5), libcairo2-dev:amd64 (1.16.0-4ubuntu1), libexpat1-dev:amd64 (2.2.9-1ubuntu0.6), libdjvulibre-dev:amd64 (3.5.27.1-14ubuntu0.1), libpng-dev:amd64 (1.6.37-2), libgs-dev:amd64 (9.50~dfsg-5ubuntu4.13), libffi-dev:amd64 (3.3-4), libsm-dev:amd64 (2:1.2.3-1), libtiff-dev:amd64 (4.1.0+git191117-2ubuntu0.20.04.13), g++:amd64 (4:9.3.0-1ubuntu2), automake:amd64 (1:1.16.1-4ubuntu6), xtrans-dev:amd64 (1.4.0-1), gcc:amd64 (4:9.3.0-1ubuntu2), git:amd64 (1:2.25.1-1ubuntu3.13), libselinux1-dev:amd64 (3.0-1build2), libfribidi-dev:amd64 (1.0.8-2ubuntu0.1), x11proto-xext-dev:amd64 (2019.2-1ubuntu1), zlib1g-dev:amd64 (1:1.2.11.dfsg-2ubuntu1.5), libbz2-dev:amd64 (1.0.8-2), libxcb1-dev:amd64 (1.14-2), php-pear:amd64 (1:1.10.9+submodules+notgz-1ubuntu0.20.04.3), libstdc++-9-dev:amd64 (9.4.0-1ubuntu1~20.04.2), liblcms2-dev:amd64 (2.9-4), libmount-dev:amd64 (2.34-0.1ubuntu9.6), libfontconfig1-dev:amd64 (2.13.1-2ubuntu3), libraw-dev:amd64 (0.19.5-1ubuntu1.3), libpango1.0-dev:amd64 (1.44.7-2ubuntu4), libcrypt-dev:amd64 (1:4.4.10-10ubuntu4), x11proto-core-dev:amd64 (2019.2-1ubuntu1), libharfbuzz-dev:amd64 (2.6.4-1ubuntu4.2), libraqm-dev:amd64 (0.7.0-4), libxau-dev:amd64 (1:1.0.9-0ubuntu1), libfftw3-dev:amd64 (3.3.8-2ubuntu1), g++-9:amd64 (9.4.0-1ubuntu1~20.04.2), pkg-config:amd64 (0.29.1-0ubuntu4), libjbig-dev:amd64 (2.1-3.1ubuntu0.20.04.1), make:amd64 (4.2.1-1.2), libfreetype6-dev:amd64 (2.10.1-2ubuntu0.3), libxft-dev:amd64 (2.3.3-0ubuntu1), gcc-9:amd64 (9.4.0-1ubuntu1~20.04.2), libxdmcp-dev:amd64 (1:1.1.3-0ubuntu1), libxml2-dev:amd64 (2.9.10+dfsg-5ubuntu0.20.04.7), libzip-dev:amd64 (1.5.1-0ubuntu1), libpcre2-dev:amd64 (10.34-7ubuntu0.1), libxcb-shm0-dev:amd64 (1.14-2), libxcb-render0-dev:amd64 (1.14-2), xz-utils:amd64 (5.2.4-1ubuntu1.1), libglib2.0-dev:amd64 (2.64.6-1~ubuntu20.04.7), php-dev:amd64 (2:7.4+75), libsepol1-dev:amd64 (3.0-1ubuntu0.1), libssl-dev:amd64 (1.1.1f-1ubuntu2.23), uuid-dev:amd64 (2.34-0.1ubuntu9.6), libgraphite2-dev:amd64 (1.3.13-11build1), libxrender-dev:amd64 (1:0.9.10-1), libgdk-pixbuf2.0-dev:amd64 (2.40.0+dfsg-3ubuntu0.5), gsfonts:amd64 (1:8.11+urwcyr1.0.7~pre44-4.4), libx11-dev:amd64 (2:1.6.9-2ubuntu1.6), liblqr-1-0-dev:amd64 (0.4.2-2.1), libbrotli-dev:amd64 (1.0.7-6ubuntu0.1), libwebp-dev:amd64 (0.6.1-2ubuntu0.20.04.3), libzstd-dev:amd64 (1.4.4+dfsg-3ubuntu0.1), cmake:amd64 (3.16.3-1ubuntu1.20.04.1), libsmbclient-dev:amd64 (2:4.15.13+dfsg-0ubuntu0.20.04.7), libgraphviz-dev:amd64 (2.42.2-3build2), libicu-dev:amd64 (66.1-2ubuntu2.1), libilmbase-dev:amd64 (2.3.0-6build1), libjpeg8-dev:amd64 (8c-2ubuntu8), libgif-dev:amd64 (5.1.9-1ubuntu0.1), libpixman-1-dev:amd64 (0.38.4-0ubuntu2.1), libthai-dev:amd64 (0.1.28-3), x11proto-dev:amd64 (2019.2-1ubuntu1), libblkid-dev:amd64 (2.34-0.1ubuntu9.6), libopenjp2-7-dev:amd64 (2.3.1-1ubuntu4.20.04.1), libwmf-dev:amd64 (0.2.8.4-17ubuntu1), libde265-dev:amd64 (1.0.4-1ubuntu0.4), liblzma-dev:amd64 (5.2.4-1ubuntu1.1), less:amd64 (551-1ubuntu0.3), libtool:amd64 (2.4.6-14), libgcc-9-dev:amd64 (9.4.0-1ubuntu1~20.04.2), libdatrie-dev:amd64 (0.2.12-3), libfreetype-dev:amd64 (2.10.1-2ubuntu0.3)
End-Date: 2024-08-17  09:58:58

Start-Date: 2024-08-17  09:59:01
Commandline: apt-get -y --purge autoremove
Purge: libmpc3:amd64 (1.1.0-1), alsa-topology-conf:amd64 (1.2.2-1), libcairo-script-interpreter2:amd64 (1.16.0-4ubuntu1), libpcre16-3:amd64 (2:8.39-12ubuntu0.1), libdjvulibre-text:amd64 (3.5.27.1-14ubuntu0.1), libdc1394-22:amd64 (2.2.5-2.1), libusb-1.0-0:amd64 (2:1.0.23-2build1), libavformat58:amd64 (7:4.2.7-0ubuntu0.1), libsnappy1v5:amd64 (1.1.8-1build1), libavfilter7:amd64 (7:4.2.7-0ubuntu0.1), libraw1394-11:amd64 (2.1.2-1), libvulkan1:amd64 (1.2.131.2-1), libwayland-egl1:amd64 (1.18.0-1ubuntu0.1), libxdot4:amd64 (2.42.2-3build2), shtool:amd64 (2.0.8-10), libchromaprint1:amd64 (1.4.3-3build1), libdrm-nouveau2:amd64 (2.4.107-8ubuntu1~20.04.2), python3-distutils:amd64 (3.8.10-0ubuntu1~20.04), libgts-bin:amd64 (0.7.6+darcs121130-4), libfftw3-quad3:amd64 (3.3.8-2ubuntu1), m4:amd64 (1.4.18-4), libxcb-xfixes0:amd64 (1.14-2), libgtk2.0-bin:amd64 (2.24.32-4ubuntu4.1), alsa-ucm-conf:amd64 (1.2.2-1ubuntu0.13), libmpfr6:amd64 (4.0.2-1), gcc-9-base:amd64 (9.4.0-1ubuntu1~20.04.2), libgirepository-1.0-1:amd64 (1.64.1-1~ubuntu20.04.1), gir1.2-gdkpixbuf-2.0:amd64 (2.40.0+dfsg-3ubuntu0.5), libnorm1:amd64 (1.5.8+dfsg2-2build1), libopenal1:amd64 (1:1.19.1-1), va-driver-all:amd64 (2.7.0-2), libswresample3:amd64 (7:4.2.7-0ubuntu0.1), libctf-nobfd0:amd64 (2.34-6ubuntu1.9), git-man:amd64 (1:2.25.1-1ubuntu3.13), libsndio7.0:amd64 (1.5.0-3), libraw19:amd64 (0.19.5-1ubuntu1.3), libpciaccess0:amd64 (0.16-0ubuntu1), libpgm-5.2-0:amd64 (5.2.122~dfsg-3ubuntu1), libxcb-present0:amd64 (1.14-2), libgl1:amd64 (1.3.2-1~ubuntu0.20.04.2), libzmq5:amd64 (4.3.2-2ubuntu1), cpp-9:amd64 (9.4.0-1ubuntu1~20.04.2), libsratom-0-0:amd64 (0.6.4-1), libglapi-mesa:amd64 (21.2.6-0ubuntu0.1~20.04.2), libasound2-data:amd64 (1.2.2-2.1ubuntu2.5), libcdio18:amd64 (2.0.0-2ubuntu0.2), libelf1:amd64 (0.176-1.1ubuntu0.1), binutils:amd64 (2.34-6ubuntu1.9), cpp:amd64 (4:9.3.0-1ubuntu2), libharfbuzz-gobject0:amd64 (2.6.4-1ubuntu4.2), libogg0:amd64 (1.3.4-0ubuntu1), libigdgmm11:amd64 (20.1.1+ds1-1), libopenmpt0:amd64 (0.4.11-1build1), humanity-icon-theme:amd64 (0.6.15), libgts-0.7-5:amd64 (0.7.6+darcs121130-4), libitm1:amd64 (10.5.0-1ubuntu1~20.04), liblilv-0-0:amd64 (0.24.6-1ubuntu0.1), libcgraph6:amd64 (2.42.2-3build2), libwrap0:amd64 (7.6.q-30), libpcre2-32-0:amd64 (10.34-7ubuntu0.1), librhash0:amd64 (1.3.9-1), libgail-common:amd64 (2.24.32-4ubuntu4.1), libvdpau1:amd64 (1.3-1ubuntu2), libcdio-cdda2:amd64 (10.2+2.0.0-1), libmp3lame0:amd64 (3.100-3), libgtk2.0-0:amd64 (2.24.32-4ubuntu4.1), libxcursor1:amd64 (1:1.2.0-2), liblocale-gettext-perl:amd64 (1.07-4), gir1.2-pango-1.0:amd64 (1.44.7-2ubuntu4), libharfbuzz-icu0:amd64 (2.6.4-1ubuntu4.2), libvorbisfile3:amd64 (1.3.6-2ubuntu1), cmake-data:amd64 (3.16.3-1ubuntu1.20.04.1), libpcre32-3:amd64 (2:8.39-12ubuntu0.1), libgvc6-plugins-gtk:amd64 (2.42.2-3build2), libasan5:amd64 (9.4.0-1ubuntu1~20.04.2), libxcb-randr0:amd64 (1.14-2), libgail18:amd64 (2.24.32-4ubuntu4.1), libquadmath0:amd64 (10.5.0-1ubuntu1~20.04), gir1.2-freedesktop:amd64 (1.64.1-1~ubuntu20.04.1), libwmf0.2-7:amd64 (0.2.8.4-17ubuntu1), xkb-data:amd64 (2.29-2), libwavpack1:amd64 (5.2.0-1ubuntu0.1), libbdplus0:amd64 (0.1.2-3), vdpau-driver-all:amd64 (1.3-1ubuntu2), libopus0:amd64 (1.3.1-0ubuntu1), librubberband2:amd64 (1.8.2-1build1), libisl22:amd64 (0.22.1-1), libopenal-data:amd64 (1:1.19.1-1), libpostproc55:amd64 (7:4.2.7-0ubuntu0.1), liblab-gamut1:amd64 (2.42.2-3build2), libvpx6:amd64 (1.8.2-1ubuntu0.3), libfido2-1:amd64 (1.3.1-1ubuntu2), libapparmor1:amd64 (2.13.3-7ubuntu5.3), libwebpdemux2:amd64 (0.6.1-2ubuntu0.20.04.3), libxshmfence1:amd64 (1.3-1), libfile-fcntllock-perl:amd64 (0.22-3build4), libaom0:amd64 (1.0.0.errata1-3+deb11u1build0.20.04.1), libsm6:amd64 (2:1.2.3-1), libwayland-client0:amd64 (1.18.0-1ubuntu0.1), pango1.0-tools:amd64 (1.44.7-2ubuntu4), libfftw3-bin:amd64 (3.3.8-2ubuntu1), binutils-x86-64-linux-gnu:amd64 (2.34-6ubuntu1.9), libcdio-paranoia2:amd64 (10.2+2.0.0-1), libpangoxft-1.0-0:amd64 (1.44.7-2ubuntu4), libdrm-amdgpu1:amd64 (2.4.107-8ubuntu1~20.04.2), autoconf:amd64 (2.69-11.1), libllvm12:amd64 (1:12.0.0-3ubuntu1~20.04.5), libuv1:amd64 (1.34.2-1ubuntu1.5), libglib2.0-dev-bin:amd64 (2.64.6-1~ubuntu20.04.7), libva2:amd64 (2.7.0-2), libtsan0:amd64 (10.5.0-1ubuntu1~20.04), libatk1.0-0:amd64 (2.35.1-1ubuntu2), libxcomposite1:amd64 (1:0.4.5-1), adwaita-icon-theme:amd64 (3.36.1-2ubuntu0.20.04.2), libx264-155:amd64 (2:0.155.2917+git0a84d98-2), libubsan1:amd64 (10.5.0-1ubuntu1~20.04), libpulse0:amd64 (1:13.99.1-1ubuntu3.13), libass9:amd64 (1:0.14.0-2), libmpg123-0:amd64 (1.25.13-1), gir1.2-glib-2.0:amd64 (1.64.1-1~ubuntu20.04.1), libxvidcore4:amd64 (2:1.3.7-1), libcaca0:amd64 (0.99.beta19-2.1ubuntu1.20.04.2), libxi6:amd64 (2:1.7.10-0ubuntu1), libiec61883-0:amd64 (1.2.0-3), libilmbase24:amd64 (2.3.0-6build1), libzvbi0:amd64 (0.2.35-17), libxv1:amd64 (2:1.0.11-1), libvorbisenc2:amd64 (1.3.6-2ubuntu1), libgif7:amd64 (5.1.9-1ubuntu0.1), libxinerama1:amd64 (2:1.1.4-2), libspeex1:amd64 (1.2~rc1.2-1.1ubuntu1.20.04.1), libaacs0:amd64 (0.9.0-2), libjack-jackd2-0:amd64 (1.9.12~dfsg-2ubuntu2), libavcodec58:amd64 (7:4.2.7-0ubuntu0.1), libglib2.0-bin:amd64 (2.64.6-1~ubuntu20.04.7), libxmuu1:amd64 (2:1.1.3-0ubuntu1), libxft2:amd64 (2.3.3-0ubuntu1), libxrandr2:amd64 (2:1.5.2-0ubuntu1), libcdt5:amd64 (2.42.2-3build2), libavutil56:amd64 (7:4.2.7-0ubuntu0.1), libtheora0:amd64 (1.1.1+dfsg.1-15ubuntu2), libsndfile1:amd64 (1.0.28-7ubuntu0.2), libdrm2:amd64 (2.4.107-8ubuntu1~20.04.2), python3-lib2to3:amd64 (3.8.10-0ubuntu1~20.04), libxcb-shape0:amd64 (1.14-2), libglx0:amd64 (1.3.2-1~ubuntu0.20.04.2), liblsan0:amd64 (10.5.0-1ubuntu1~20.04), libpathplan4:amd64 (2.42.2-3build2), libgme0:amd64 (0.6.2-1build1), libavdevice58:amd64 (7:4.2.7-0ubuntu0.1), libssh-gcrypt-4:amd64 (0.9.3-2ubuntu2.5), hicolor-icon-theme:amd64 (0.17-2), libxfixes3:amd64 (1:5.0.3-2), libsoxr0:amd64 (0.1.3-2build1), libwebpmux3:amd64 (0.6.1-2ubuntu0.20.04.3), libasyncns0:amd64 (0.8-6), libgl1-mesa-dri:amd64 (21.2.6-0ubuntu0.1~20.04.2), libswscale5:amd64 (7:4.2.7-0ubuntu0.1), libgvpr2:amd64 (2.42.2-3build2), libopenexr24:amd64 (2.3.0-6ubuntu0.5), gir1.2-harfbuzz-0.0:amd64 (2.6.4-1ubuntu4.2), libsdl2-2.0-0:amd64 (2.0.10+dfsg1-3), openssh-client:amd64 (1:8.2p1-4ubuntu0.11), libmysofa1:amd64 (1.0~dfsg0-1), libsord-0-0:amd64 (0.16.4-1), libgtk2.0-common:amd64 (2.24.32-4ubuntu4.1), libvidstab1.1:amd64 (1.1.0-2), binutils-common:amd64 (2.34-6ubuntu1.9), libasound2:amd64 (1.2.2-2.1ubuntu2.5), libxxf86vm1:amd64 (1:1.1.4-1build1), libxdamage1:amd64 (1:1.1.5-2), libshine3:amd64 (3.1.1-2), libdjvulibre21:amd64 (3.5.27.1-14ubuntu0.1), libc-dev-bin:amd64 (2.31-0ubuntu9.16), intel-media-va-driver:amd64 (20.1.1+dfsg1-1), libflac8:amd64 (1.3.3-1ubuntu0.2), libbinutils:amd64 (2.34-6ubuntu1.9), libpcre2-posix2:amd64 (10.34-7ubuntu0.1), libdrm-intel1:amd64 (2.4.107-8ubuntu1~20.04.2), libsensors-config:amd64 (1:3.6.0-2ubuntu1.1), libtwolame0:amd64 (0.4.0-2), xorg-sgml-doctools:amd64 (1:1.11-1), libgsm1:amd64 (1.0.18-2), libva-x11-2:amd64 (2.7.0-2), libcodec2-0.9:amd64 (0.9.2-2), xauth:amd64 (1:1.1-0ubuntu1), libbs2b0:amd64 (3.1.0+dfsg-2.2build1), libpng-tools:amd64 (1.6.37-2), x11-common:amd64 (1:7.7+19ubuntu14), gtk-update-icon-cache:amd64 (3.24.20-0ubuntu1.2), libdrm-radeon1:amd64 (2.4.107-8ubuntu1~20.04.2), libva-drm2:amd64 (2.7.0-2), mesa-vdpau-drivers:amd64 (21.2.6-0ubuntu0.1~20.04.2), ocl-icd-libopencl1:amd64 (2.2.11-1ubuntu1), mesa-vulkan-drivers:amd64 (21.2.6-0ubuntu0.1~20.04.2), libatomic1:amd64 (10.5.0-1ubuntu1~20.04), libvorbis0a:amd64 (1.3.6-2ubuntu1), libjsoncpp1:amd64 (1.7.4-3.1ubuntu2), libatk1.0-data:amd64 (2.35.1-1ubuntu2), libcc1-0:amd64 (10.5.0-1ubuntu1~20.04), libgvc6:amd64 (2.42.2-3build2), icu-devtools:amd64 (66.1-2ubuntu2.1), libpcrecpp0v5:amd64 (2:8.39-12ubuntu0.1), libice6:amd64 (2:1.0.10-0ubuntu1), i965-va-driver:amd64 (2.4.0-0ubuntu1), libavc1394-0:amd64 (0.5.4-5), libxcb-glx0:amd64 (1.14-2), libzvbi-common:amd64 (0.2.35-17), libdpkg-perl:amd64 (1.19.7ubuntu3.2), libserd-0-0:amd64 (0.30.2-1), libxss1:amd64 (1:1.2.3-1), libxcb-dri2-0:amd64 (1.14-2), libxkbcommon0:amd64 (0.10.0-1), gir1.2-rsvg-2.0:amd64 (2.48.9-1ubuntu0.20.04.4), bzip2-doc:amd64 (1.0.8-2), patch:amd64 (2.7.6-6), libpcre2-16-0:amd64 (10.34-7ubuntu0.1), libsensors5:amd64 (1:3.6.0-2ubuntu1.1), libcbor0.6:amd64 (0.6.0-0ubuntu1), libsamplerate0:amd64 (0.1.9-2), ubuntu-mono:amd64 (19.04-0ubuntu3), libxcb-dri3-0:amd64 (1.14-2), libbluray2:amd64 (1:1.2.0-1), libavresample4:amd64 (7:4.2.7-0ubuntu0.1), libcurl3-gnutls:amd64 (7.68.0-1ubuntu2.23), libflite1:amd64 (2.1-release-3), libx11-xcb1:amd64 (2:1.6.9-2ubuntu1.6), libxcb-sync1:amd64 (1.14-2), libtiffxx5:amd64 (4.1.0+git191117-2ubuntu0.20.04.13), libctf0:amd64 (2.34-6ubuntu1.9), mesa-va-drivers:amd64 (21.2.6-0ubuntu0.1~20.04.2), libsigsegv2:amd64 (2.12-2), libglx-mesa0:amd64 (21.2.6-0ubuntu0.1~20.04.2), libglvnd0:amd64 (1.3.2-1~ubuntu0.20.04.2), libdrm-common:amd64 (2.4.107-8ubuntu1~20.04.2), liblzo2-2:amd64 (2.10-2), libwayland-cursor0:amd64 (1.18.0-1ubuntu0.1), libslang2:amd64 (2.3.2-4), liberror-perl:amd64 (0.17029-1)
End-Date: 2024-08-17  09:59:07
