update-alternatives 2024-05-30 02:03:48: run with --quiet --install /usr/bin/awk awk /usr/bin/mawk 5 --slave /usr/share/man/man1/awk.1.gz awk.1.gz /usr/share/man/man1/mawk.1.gz --slave /usr/bin/nawk nawk /usr/bin/mawk --slave /usr/share/man/man1/nawk.1.gz nawk.1.gz /usr/share/man/man1/mawk.1.gz
update-alternatives 2024-05-30 02:03:48: link group awk updated to point to /usr/bin/mawk
update-alternatives 2024-05-30 02:03:52: run with --quiet --install /usr/bin/awk awk /usr/bin/mawk 5 --slave /usr/share/man/man1/awk.1.gz awk.1.gz /usr/share/man/man1/mawk.1.gz --slave /usr/bin/nawk nawk /usr/bin/mawk --slave /usr/share/man/man1/nawk.1.gz nawk.1.gz /usr/share/man/man1/mawk.1.gz
update-alternatives 2024-05-30 02:03:52: run with --install /usr/share/man/man7/builtins.7.gz builtins.7.gz /usr/share/man/man7/bash-builtins.7.gz 10
update-alternatives 2024-05-30 02:03:52: link group builtins.7.gz updated to point to /usr/share/man/man7/bash-builtins.7.gz
update-alternatives 2024-05-30 02:03:52: run with --install /usr/sbin/rmt rmt /usr/sbin/rmt-tar 50 --slave /usr/share/man/man8/rmt.8.gz rmt.8.gz /usr/share/man/man8/rmt-tar.8.gz
update-alternatives 2024-05-30 02:03:52: link group rmt updated to point to /usr/sbin/rmt-tar
update-alternatives 2024-05-30 02:03:52: run with --install /usr/bin/w w /usr/bin/w.procps 50 --slave /usr/share/man/man1/w.1.gz w.1.gz /usr/share/man/man1/w.procps.1.gz
update-alternatives 2024-05-30 02:03:52: link group w updated to point to /usr/bin/w.procps
update-alternatives 2024-05-30 02:03:53: run with --install /usr/bin/pager pager /bin/more 50 --slave /usr/share/man/man1/pager.1.gz pager.1.gz /usr/share/man/man1/more.1.gz
update-alternatives 2024-05-30 02:03:53: link group pager updated to point to /bin/more
update-alternatives 2024-05-30 02:03:53: run with --remove pager /usr/bin/pg
update-alternatives 2024-05-30 02:04:06: run with --remove builtins.7.gz /usr/share/man/man7/bash-builtins.7.gz
update-alternatives 2024-05-30 02:04:06: link group builtins.7.gz fully removed
update-alternatives 2024-05-30 02:06:23: run with --quiet --install /usr/bin/awk awk /usr/bin/mawk 5 --slave /usr/share/man/man1/awk.1.gz awk.1.gz /usr/share/man/man1/mawk.1.gz --slave /usr/bin/nawk nawk /usr/bin/mawk --slave /usr/share/man/man1/nawk.1.gz nawk.1.gz /usr/share/man/man1/mawk.1.gz
update-alternatives 2024-05-30 02:06:23: auto-repair link group awk
update-alternatives 2024-05-30 02:06:34: run with --install /usr/bin/w w /usr/bin/w.procps 50 --slave /usr/share/man/man1/w.1.gz w.1.gz /usr/share/man/man1/w.procps.1.gz
update-alternatives 2024-05-30 02:06:34: auto-repair link group w
update-alternatives 2024-05-30 02:06:41: run with --install /usr/sbin/rmt rmt /usr/sbin/rmt-tar 50 --slave /usr/share/man/man8/rmt.8.gz rmt.8.gz /usr/share/man/man8/rmt-tar.8.gz
update-alternatives 2024-05-30 02:06:41: auto-repair link group rmt
update-alternatives 2024-05-30 02:06:46: run with --install /usr/bin/pager pager /bin/more 50 --slave /usr/share/man/man1/pager.1.gz pager.1.gz /usr/share/man/man1/more.1.gz
update-alternatives 2024-05-30 02:06:46: auto-repair link group pager
update-alternatives 2024-05-30 02:06:46: run with --remove pager /usr/bin/pg
update-alternatives 2024-05-30 02:06:57: run with --install /usr/sbin/rmt rmt /usr/sbin/rmt-tar 50 --slave /usr/share/man/man8/rmt.8.gz rmt.8.gz /usr/share/man/man8/rmt-tar.8.gz
update-alternatives 2024-05-30 02:06:58: run with --install /usr/bin/pager pager /bin/more 50 --slave /usr/share/man/man1/pager.1.gz pager.1.gz /usr/share/man/man1/more.1.gz
update-alternatives 2024-05-30 02:06:58: run with --remove pager /usr/bin/pg
update-alternatives 2024-05-30 02:07:02: run with --install /usr/bin/w w /usr/bin/w.procps 50 --slave /usr/share/man/man1/w.1.gz w.1.gz /usr/share/man/man1/w.procps.1.gz
update-alternatives 2024-08-17 08:09:32: run with --quiet --install /usr/bin/pinentry pinentry /usr/bin/pinentry-curses 50 --slave /usr/share/man/man1/pinentry.1.gz pinentry.1.gz /usr/share/man/man1/pinentry-curses.1.gz
update-alternatives 2024-08-17 08:09:32: link group pinentry updated to point to /usr/bin/pinentry-curses
update-alternatives 2024-08-17 09:54:28: run with --install /usr/bin/php php /usr/bin/php7.4 74 --slave /usr/share/man/man1/php.1.gz php.1.gz /usr/share/man/man1/php7.4.1.gz
update-alternatives 2024-08-17 09:54:28: link group php updated to point to /usr/bin/php7.4
update-alternatives 2024-08-17 09:54:28: run with --install /usr/bin/phar phar /usr/bin/phar7.4 74 --slave /usr/share/man/man1/phar.1.gz phar.1.gz /usr/share/man/man1/phar7.4.1.gz
update-alternatives 2024-08-17 09:54:28: link group phar updated to point to /usr/bin/phar7.4
update-alternatives 2024-08-17 09:54:28: run with --install /usr/bin/phar.phar phar.phar /usr/bin/phar.phar7.4 74 --slave /usr/share/man/man1/phar.phar.1.gz phar.phar.1.gz /usr/share/man/man1/phar.phar7.4.1.gz
update-alternatives 2024-08-17 09:54:28: link group phar.phar updated to point to /usr/bin/phar.phar7.4
update-alternatives 2024-08-17 09:54:30: run with --quiet --install /lib/cpp cpp /usr/bin/cpp 10
update-alternatives 2024-08-17 09:54:30: link group cpp updated to point to /usr/bin/cpp
update-alternatives 2024-08-17 09:54:31: run with --install /usr/bin/automake automake /usr/bin/automake-1.16 34 --slave /usr/bin/aclocal aclocal /usr/bin/aclocal-1.16 --slave /usr/share/man/man1/automake.1.gz automake.1.gz /usr/share/man/man1/automake-1.16.1.gz --slave /usr/share/man/man1/aclocal.1.gz aclocal.1.gz /usr/share/man/man1/aclocal-1.16.1.gz
update-alternatives 2024-08-17 09:54:31: link group automake updated to point to /usr/bin/automake-1.16
update-alternatives 2024-08-17 09:54:33: run with --quiet --install /usr/bin/cc cc /usr/bin/gcc 20 --slave /usr/share/man/man1/cc.1.gz cc.1.gz /usr/share/man/man1/gcc.1.gz
update-alternatives 2024-08-17 09:54:33: link group cc updated to point to /usr/bin/gcc
update-alternatives 2024-08-17 09:54:33: run with --quiet --install /usr/bin/c89 c89 /usr/bin/c89-gcc 20 --slave /usr/share/man/man1/c89.1.gz c89.1.gz /usr/share/man/man1/c89-gcc.1.gz
update-alternatives 2024-08-17 09:54:33: link group c89 updated to point to /usr/bin/c89-gcc
update-alternatives 2024-08-17 09:54:33: run with --quiet --install /usr/bin/c99 c99 /usr/bin/c99-gcc 20 --slave /usr/share/man/man1/c99.1.gz c99.1.gz /usr/share/man/man1/c99-gcc.1.gz
update-alternatives 2024-08-17 09:54:33: link group c99 updated to point to /usr/bin/c99-gcc
update-alternatives 2024-08-17 09:54:33: run with --install /usr/bin/php-config php-config /usr/bin/php-config7.4 74 --slave /usr/share/man/man1/php-config.1.gz php-config.1.gz /usr/share/man/man1/php-config7.4.1.gz
update-alternatives 2024-08-17 09:54:33: link group php-config updated to point to /usr/bin/php-config7.4
update-alternatives 2024-08-17 09:54:33: run with --install /usr/bin/phpize phpize /usr/bin/phpize7.4 74 --slave /usr/share/man/man1/phpize.1.gz phpize.1.gz /usr/share/man/man1/phpize7.4.1.gz
update-alternatives 2024-08-17 09:54:33: link group phpize updated to point to /usr/bin/phpize7.4
update-alternatives 2024-08-17 09:55:02: run with --quiet --install /usr/bin/pager pager /usr/bin/less 77 --slave /usr/share/man/man1/pager.1.gz pager.1.gz /usr/share/man/man1/less.1.gz
update-alternatives 2024-08-17 09:55:02: link group pager updated to point to /usr/bin/less
update-alternatives 2024-08-17 09:55:02: run with --quiet --remove pager /bin/less
update-alternatives 2024-08-17 09:55:02: run with --install /usr/bin/lzma lzma /usr/bin/xz 20 --slave /usr/share/man/man1/lzma.1.gz lzma.1.gz /usr/share/man/man1/xz.1.gz --slave /usr/bin/unlzma unlzma /usr/bin/unxz --slave /usr/share/man/man1/unlzma.1.gz unlzma.1.gz /usr/share/man/man1/unxz.1.gz --slave /usr/bin/lzcat lzcat /usr/bin/xzcat --slave /usr/share/man/man1/lzcat.1.gz lzcat.1.gz /usr/share/man/man1/xzcat.1.gz --slave /usr/bin/lzmore lzmore /usr/bin/xzmore --slave /usr/share/man/man1/lzmore.1.gz lzmore.1.gz /usr/share/man/man1/xzmore.1.gz --slave /usr/bin/lzless lzless /usr/bin/xzless --slave /usr/share/man/man1/lzless.1.gz lzless.1.gz /usr/share/man/man1/xzless.1.gz --slave /usr/bin/lzdiff lzdiff /usr/bin/xzdiff --slave /usr/share/man/man1/lzdiff.1.gz lzdiff.1.gz /usr/share/man/man1/xzdiff.1.gz --slave /usr/bin/lzcmp lzcmp /usr/bin/xzcmp --slave /usr/share/man/man1/lzcmp.1.gz lzcmp.1.gz /usr/share/man/man1/xzcmp.1.gz --slave /usr/bin/lzgrep lzgrep /usr/bin/xzgrep --slave /usr/share/man/man1/lzgrep.1.gz lzgrep.1.gz /usr/share/man/man1/xzgrep.1.gz --slave /usr/bin/lzegrep lzegrep /usr/bin/xzegrep --slave /usr/share/man/man1/lzegrep.1.gz lzegrep.1.gz /usr/share/man/man1/xzegrep.1.gz --slave /usr/bin/lzfgrep lzfgrep /usr/bin/xzfgrep --slave /usr/share/man/man1/lzfgrep.1.gz lzfgrep.1.gz /usr/share/man/man1/xzfgrep.1.gz
update-alternatives 2024-08-17 09:55:02: link group lzma updated to point to /usr/bin/xz
update-alternatives 2024-08-17 09:55:02: run with --install /usr/bin/c++ c++ /usr/bin/g++ 20 --slave /usr/share/man/man1/c++.1.gz c++.1.gz /usr/share/man/man1/g++.1.gz
update-alternatives 2024-08-17 09:55:02: link group c++ updated to point to /usr/bin/g++
update-alternatives 2024-08-17 09:55:02: run with --quiet --install /usr/bin/rsh rsh /usr/bin/ssh 20 --slave /usr/share/man/man1/rsh.1.gz rsh.1.gz /usr/share/man/man1/ssh.1.gz
update-alternatives 2024-08-17 09:55:02: link group rsh updated to point to /usr/bin/ssh
update-alternatives 2024-08-17 09:55:02: run with --quiet --install /usr/bin/rlogin rlogin /usr/bin/slogin 20 --slave /usr/share/man/man1/rlogin.1.gz rlogin.1.gz /usr/share/man/man1/slogin.1.gz
update-alternatives 2024-08-17 09:55:02: link group rlogin updated to point to /usr/bin/slogin
update-alternatives 2024-08-17 09:55:02: run with --quiet --install /usr/bin/rcp rcp /usr/bin/scp 20 --slave /usr/share/man/man1/rcp.1.gz rcp.1.gz /usr/share/man/man1/scp.1.gz
update-alternatives 2024-08-17 09:55:02: link group rcp updated to point to /usr/bin/scp
update-alternatives 2024-08-17 09:55:51: run with --install /usr/share/icons/default/index.theme x-cursor-theme /usr/share/icons/Adwaita/cursor.theme 90
update-alternatives 2024-08-17 09:55:51: link group x-cursor-theme updated to point to /usr/share/icons/Adwaita/cursor.theme
update-alternatives 2024-08-17 09:58:55: run with --remove php-config /usr/bin/php-config7.4
update-alternatives 2024-08-17 09:58:55: link group php-config fully removed
update-alternatives 2024-08-17 09:58:55: run with --remove phpize /usr/bin/phpize7.4
update-alternatives 2024-08-17 09:58:55: link group phpize fully removed
update-alternatives 2024-08-17 09:58:55: run with --remove automake /usr/bin/automake-1.16
update-alternatives 2024-08-17 09:58:55: link group automake fully removed
update-alternatives 2024-08-17 09:58:55: run with --remove c++ /usr/bin/g++
update-alternatives 2024-08-17 09:58:55: link group c++ fully removed
update-alternatives 2024-08-17 09:58:56: run with --quiet --remove cc /usr/bin/gcc
update-alternatives 2024-08-17 09:58:56: link group cc fully removed
update-alternatives 2024-08-17 09:58:56: run with --quiet --remove c89 /usr/bin/c89-gcc
update-alternatives 2024-08-17 09:58:56: link group c89 fully removed
update-alternatives 2024-08-17 09:58:56: run with --quiet --remove c99 /usr/bin/c99-gcc
update-alternatives 2024-08-17 09:58:56: link group c99 fully removed
update-alternatives 2024-08-17 09:58:56: run with --quiet --remove pager /usr/bin/less
update-alternatives 2024-08-17 09:58:56: link group pager updated to point to /bin/more
update-alternatives 2024-08-17 09:58:57: run with --remove lzma /usr/bin/xz
update-alternatives 2024-08-17 09:58:57: link group lzma fully removed
update-alternatives 2024-08-17 09:59:02: run with --quiet --remove cpp /usr/bin/cpp
update-alternatives 2024-08-17 09:59:02: link group cpp fully removed
update-alternatives 2024-08-17 09:59:02: run with --quiet --remove rsh /usr/bin/ssh
update-alternatives 2024-08-17 09:59:02: link group rsh fully removed
update-alternatives 2024-08-17 09:59:02: run with --quiet --remove rlogin /usr/bin/slogin
update-alternatives 2024-08-17 09:59:02: link group rlogin fully removed
update-alternatives 2024-08-17 09:59:02: run with --quiet --remove rcp /usr/bin/scp
update-alternatives 2024-08-17 09:59:02: link group rcp fully removed
update-alternatives 2024-08-17 09:59:06: run with --remove x-cursor-theme /usr/share/icons/Adwaita/cursor.theme
update-alternatives 2024-08-17 09:59:06: link group x-cursor-theme fully removed
